2026-01-10 11:37:58,418 - INFO - Loading Khmer dataset...
2026-01-10 11:37:59,773 - INFO - HTTP Request: HEAD https://huggingface.co/datasets/CADT-IDRI/Khmer_News_Classificaiton/resolve/main/README.md "HTTP/1.1 401 Unauthorized"
2026-01-10 11:37:59,775 - ERROR - Failed to load dataset: Dataset 'CADT-IDRI/Khmer_News_Classificaiton' doesn't exist on the Hub or cannot be accessed.
2026-01-10 11:38:48,254 - INFO - Loading Khmer dataset...
2026-01-10 11:38:49,344 - INFO - HTTP Request: HEAD https://huggingface.co/datasets/CADT-IDRI/Khmer_News_classification/resolve/main/README.md "HTTP/1.1 307 Temporary Redirect"
2026-01-10 11:38:49,555 - INFO - HTTP Request: HEAD https://huggingface.co/api/resolve-cache/datasets/CADT-IDRI/Khmer_News_classification/6df39328c394f0a26bc15c8673cb1ba8fee44a7c/README.md "HTTP/1.1 200 OK"
2026-01-10 11:38:50,056 - INFO - HTTP Request: HEAD https://huggingface.co/datasets/CADT-IDRI/Khmer_News_classification/resolve/6df39328c394f0a26bc15c8673cb1ba8fee44a7c/Khmer_News_classification.py "HTTP/1.1 404 Not Found"
2026-01-10 11:38:51,394 - INFO - HTTP Request: HEAD https://s3.amazonaws.com/datasets.huggingface.co/datasets/datasets/CADT-IDRI/Khmer_News_classification/CADT-IDRI/Khmer_News_classification.py "HTTP/1.1 404 Not Found"
2026-01-10 11:38:52,205 - INFO - HTTP Request: GET https://huggingface.co/api/datasets/CADT-IDRI/Khmer_News_classification/revision/6df39328c394f0a26bc15c8673cb1ba8fee44a7c "HTTP/1.1 200 OK"
2026-01-10 11:38:52,619 - INFO - HTTP Request: HEAD https://huggingface.co/datasets/CADT-IDRI/Khmer_News_classification/resolve/6df39328c394f0a26bc15c8673cb1ba8fee44a7c/.huggingface.yaml "HTTP/1.1 404 Not Found"
2026-01-10 11:38:53,645 - INFO - HTTP Request: GET https://datasets-server.huggingface.co/info?dataset=CADT-IDRI/Khmer_News_classification "HTTP/1.1 200 OK"
2026-01-10 11:38:54,167 - INFO - HTTP Request: GET https://huggingface.co/api/datasets/CADT-IDRI/Khmer_News_classification/tree/6df39328c394f0a26bc15c8673cb1ba8fee44a7c/data?recursive=true&expand=false "HTTP/1.1 200 OK"
2026-01-10 11:38:54,475 - INFO - HTTP Request: GET https://huggingface.co/api/datasets/CADT-IDRI/Khmer_News_classification/tree/6df39328c394f0a26bc15c8673cb1ba8fee44a7c?recursive=false&expand=false "HTTP/1.1 200 OK"
2026-01-10 11:38:54,872 - INFO - HTTP Request: HEAD https://huggingface.co/datasets/CADT-IDRI/Khmer_News_classification/resolve/6df39328c394f0a26bc15c8673cb1ba8fee44a7c/dataset_infos.json "HTTP/1.1 404 Not Found"
2026-01-10 11:38:55,042 - INFO - Dataset loaded successfully | Train: 5801, Test: 1543
2026-01-10 11:39:51,842 - INFO - Building BoW matrix...
2026-01-10 11:39:51,842 - INFO - BoW matrix built successfully
2026-01-10 11:39:51,842 - INFO - Computing TF-IDF matrix...
2026-01-10 11:39:51,843 - INFO - TF-IDF matrix computed successfully
2026-01-10 11:40:27,046 - INFO - Building vocabulary...
2026-01-10 11:40:27,046 - INFO - Vocabulary built | Size: 0 | Saved to vocab.json
2026-01-10 11:43:24,965 - INFO - Building vocabulary...
2026-01-10 11:43:24,966 - INFO - Vocabulary built | Size: 6 | Saved to vocab.json
2026-01-10 12:27:41,635 - INFO - Vocabulary loaded | Size: 6
2026-01-10 12:27:41,635 - INFO - Building BoW matrix...
2026-01-10 12:27:41,636 - INFO - BoW matrix built successfully
2026-01-10 12:27:41,636 - INFO - Computing TF-IDF matrix...
2026-01-10 12:27:41,636 - INFO - TF-IDF matrix computed successfully
2026-01-10 12:30:25,003 - INFO - === Starting full pipeline ===
2026-01-10 12:30:25,004 - INFO - Loading Khmer dataset...
2026-01-10 12:30:26,939 - INFO - HTTP Request: HEAD https://huggingface.co/datasets/CADT-IDRI/Khmer_News_classification/resolve/main/README.md "HTTP/1.1 307 Temporary Redirect"
2026-01-10 12:30:27,040 - INFO - HTTP Request: HEAD https://huggingface.co/api/resolve-cache/datasets/CADT-IDRI/Khmer_News_classification/6df39328c394f0a26bc15c8673cb1ba8fee44a7c/README.md "HTTP/1.1 200 OK"
2026-01-10 12:30:27,451 - INFO - HTTP Request: HEAD https://huggingface.co/datasets/CADT-IDRI/Khmer_News_classification/resolve/6df39328c394f0a26bc15c8673cb1ba8fee44a7c/Khmer_News_classification.py "HTTP/1.1 404 Not Found"
2026-01-10 12:30:28,474 - INFO - HTTP Request: HEAD https://s3.amazonaws.com/datasets.huggingface.co/datasets/datasets/CADT-IDRI/Khmer_News_classification/CADT-IDRI/Khmer_News_classification.py "HTTP/1.1 404 Not Found"
2026-01-10 12:30:29,416 - INFO - HTTP Request: GET https://huggingface.co/api/datasets/CADT-IDRI/Khmer_News_classification/revision/6df39328c394f0a26bc15c8673cb1ba8fee44a7c "HTTP/1.1 200 OK"
2026-01-10 12:30:29,702 - INFO - HTTP Request: HEAD https://huggingface.co/datasets/CADT-IDRI/Khmer_News_classification/resolve/6df39328c394f0a26bc15c8673cb1ba8fee44a7c/.huggingface.yaml "HTTP/1.1 404 Not Found"
2026-01-10 12:30:30,349 - INFO - HTTP Request: GET https://datasets-server.huggingface.co/info?dataset=CADT-IDRI/Khmer_News_classification "HTTP/1.1 200 OK"
2026-01-10 12:30:30,830 - INFO - HTTP Request: GET https://huggingface.co/api/datasets/CADT-IDRI/Khmer_News_classification/tree/6df39328c394f0a26bc15c8673cb1ba8fee44a7c/data?recursive=true&expand=false "HTTP/1.1 200 OK"
2026-01-10 12:30:31,717 - INFO - HTTP Request: GET https://huggingface.co/api/datasets/CADT-IDRI/Khmer_News_classification/tree/6df39328c394f0a26bc15c8673cb1ba8fee44a7c?recursive=false&expand=false "HTTP/1.1 200 OK"
2026-01-10 12:30:32,058 - INFO - HTTP Request: HEAD https://huggingface.co/datasets/CADT-IDRI/Khmer_News_classification/resolve/6df39328c394f0a26bc15c8673cb1ba8fee44a7c/dataset_infos.json "HTTP/1.1 404 Not Found"
2026-01-10 12:30:33,024 - INFO - Dataset loaded successfully | Train: 5801, Test: 1543
2026-01-10 12:30:33,046 - INFO - Building vocabulary...
2026-01-10 12:30:33,619 - INFO - Vocabulary built | Size: 23006 | Saved to vocab.json
2026-01-10 12:30:33,620 - INFO - Building BoW matrix...
2026-01-10 12:30:34,010 - ERROR - Failed to build BoW matrix: index 23006 is out of bounds for axis 1 with size 23006
2026-01-10 14:21:31,173 - INFO - === Starting full pipeline ===
2026-01-10 14:21:31,173 - INFO - Loading Khmer dataset...
2026-01-10 14:21:32,176 - INFO - HTTP Request: HEAD https://huggingface.co/datasets/CADT-IDRI/Khmer_News_classification/resolve/main/README.md "HTTP/1.1 307 Temporary Redirect"
2026-01-10 14:21:32,271 - INFO - HTTP Request: HEAD https://huggingface.co/api/resolve-cache/datasets/CADT-IDRI/Khmer_News_classification/6df39328c394f0a26bc15c8673cb1ba8fee44a7c/README.md "HTTP/1.1 200 OK"
2026-01-10 14:21:32,572 - INFO - HTTP Request: HEAD https://huggingface.co/datasets/CADT-IDRI/Khmer_News_classification/resolve/6df39328c394f0a26bc15c8673cb1ba8fee44a7c/Khmer_News_classification.py "HTTP/1.1 404 Not Found"
2026-01-10 14:21:33,550 - INFO - HTTP Request: HEAD https://s3.amazonaws.com/datasets.huggingface.co/datasets/datasets/CADT-IDRI/Khmer_News_classification/CADT-IDRI/Khmer_News_classification.py "HTTP/1.1 404 Not Found"
2026-01-10 14:21:33,858 - INFO - HTTP Request: GET https://huggingface.co/api/datasets/CADT-IDRI/Khmer_News_classification/revision/6df39328c394f0a26bc15c8673cb1ba8fee44a7c "HTTP/1.1 200 OK"
2026-01-10 14:21:34,154 - INFO - HTTP Request: HEAD https://huggingface.co/datasets/CADT-IDRI/Khmer_News_classification/resolve/6df39328c394f0a26bc15c8673cb1ba8fee44a7c/.huggingface.yaml "HTTP/1.1 404 Not Found"
2026-01-10 14:21:34,661 - INFO - HTTP Request: GET https://datasets-server.huggingface.co/info?dataset=CADT-IDRI/Khmer_News_classification "HTTP/1.1 200 OK"
2026-01-10 14:21:35,070 - INFO - HTTP Request: GET https://huggingface.co/api/datasets/CADT-IDRI/Khmer_News_classification/tree/6df39328c394f0a26bc15c8673cb1ba8fee44a7c/data?recursive=true&expand=false "HTTP/1.1 200 OK"
2026-01-10 14:21:35,379 - INFO - HTTP Request: GET https://huggingface.co/api/datasets/CADT-IDRI/Khmer_News_classification/tree/6df39328c394f0a26bc15c8673cb1ba8fee44a7c?recursive=false&expand=false "HTTP/1.1 200 OK"
2026-01-10 14:21:35,680 - INFO - HTTP Request: HEAD https://huggingface.co/datasets/CADT-IDRI/Khmer_News_classification/resolve/6df39328c394f0a26bc15c8673cb1ba8fee44a7c/dataset_infos.json "HTTP/1.1 404 Not Found"
2026-01-10 14:21:35,837 - INFO - Dataset loaded successfully | Train: 5801, Test: 1543
2026-01-10 14:21:35,843 - INFO - Building vocabulary...
2026-01-10 14:21:36,185 - INFO - Vocabulary built | Size: 23006 | Saved to vocab.json
2026-01-10 14:21:36,186 - INFO - Building BoW matrix...
2026-01-10 14:21:36,485 - ERROR - Failed to build BoW matrix: index 23006 is out of bounds for axis 1 with size 23006
2026-01-10 14:26:10,545 - INFO - === Starting full pipeline ===
2026-01-10 14:26:10,545 - INFO - Loading Khmer dataset...
2026-01-10 14:26:11,519 - INFO - HTTP Request: HEAD https://huggingface.co/datasets/CADT-IDRI/Khmer_News_classification/resolve/main/README.md "HTTP/1.1 307 Temporary Redirect"
2026-01-10 14:26:11,683 - INFO - HTTP Request: HEAD https://huggingface.co/api/resolve-cache/datasets/CADT-IDRI/Khmer_News_classification/6df39328c394f0a26bc15c8673cb1ba8fee44a7c/README.md "HTTP/1.1 200 OK"
2026-01-10 14:26:11,985 - INFO - HTTP Request: HEAD https://huggingface.co/datasets/CADT-IDRI/Khmer_News_classification/resolve/6df39328c394f0a26bc15c8673cb1ba8fee44a7c/Khmer_News_classification.py "HTTP/1.1 404 Not Found"
2026-01-10 14:26:13,160 - INFO - HTTP Request: HEAD https://s3.amazonaws.com/datasets.huggingface.co/datasets/datasets/CADT-IDRI/Khmer_News_classification/CADT-IDRI/Khmer_News_classification.py "HTTP/1.1 404 Not Found"
2026-01-10 14:26:13,443 - INFO - HTTP Request: GET https://huggingface.co/api/datasets/CADT-IDRI/Khmer_News_classification/revision/6df39328c394f0a26bc15c8673cb1ba8fee44a7c "HTTP/1.1 200 OK"
2026-01-10 14:26:13,722 - INFO - HTTP Request: HEAD https://huggingface.co/datasets/CADT-IDRI/Khmer_News_classification/resolve/6df39328c394f0a26bc15c8673cb1ba8fee44a7c/.huggingface.yaml "HTTP/1.1 404 Not Found"
2026-01-10 14:26:14,202 - INFO - HTTP Request: GET https://datasets-server.huggingface.co/info?dataset=CADT-IDRI/Khmer_News_classification "HTTP/1.1 200 OK"
2026-01-10 14:26:14,621 - INFO - HTTP Request: GET https://huggingface.co/api/datasets/CADT-IDRI/Khmer_News_classification/tree/6df39328c394f0a26bc15c8673cb1ba8fee44a7c/data?recursive=true&expand=false "HTTP/1.1 200 OK"
2026-01-10 14:26:14,907 - INFO - HTTP Request: GET https://huggingface.co/api/datasets/CADT-IDRI/Khmer_News_classification/tree/6df39328c394f0a26bc15c8673cb1ba8fee44a7c?recursive=false&expand=false "HTTP/1.1 200 OK"
2026-01-10 14:26:15,199 - INFO - HTTP Request: HEAD https://huggingface.co/datasets/CADT-IDRI/Khmer_News_classification/resolve/6df39328c394f0a26bc15c8673cb1ba8fee44a7c/dataset_infos.json "HTTP/1.1 404 Not Found"
2026-01-10 14:26:15,364 - INFO - Dataset loaded successfully | Train: 5801, Test: 1543
2026-01-10 14:26:15,370 - INFO - Building vocabulary...
2026-01-10 14:26:15,720 - INFO - Vocabulary built | Size: 23007 | Saved to vocab.json
2026-01-10 14:26:15,720 - INFO - Building BoW matrix...
2026-01-10 14:26:16,025 - ERROR - Failed to build BoW matrix: index 23007 is out of bounds for axis 1 with size 23007
2026-01-10 14:27:00,412 - INFO - Building vocabulary...
2026-01-10 14:27:00,413 - INFO - Vocabulary built | Size: 7 | Saved to vocab.json
2026-01-10 14:27:13,714 - INFO - === Starting full pipeline ===
2026-01-10 14:27:13,714 - INFO - Loading Khmer dataset...
2026-01-10 14:27:14,706 - INFO - HTTP Request: HEAD https://huggingface.co/datasets/CADT-IDRI/Khmer_News_classification/resolve/main/README.md "HTTP/1.1 307 Temporary Redirect"
2026-01-10 14:27:14,803 - INFO - HTTP Request: HEAD https://huggingface.co/api/resolve-cache/datasets/CADT-IDRI/Khmer_News_classification/6df39328c394f0a26bc15c8673cb1ba8fee44a7c/README.md "HTTP/1.1 200 OK"
2026-01-10 14:27:15,220 - INFO - HTTP Request: HEAD https://huggingface.co/datasets/CADT-IDRI/Khmer_News_classification/resolve/6df39328c394f0a26bc15c8673cb1ba8fee44a7c/Khmer_News_classification.py "HTTP/1.1 404 Not Found"
2026-01-10 14:27:16,106 - INFO - HTTP Request: HEAD https://s3.amazonaws.com/datasets.huggingface.co/datasets/datasets/CADT-IDRI/Khmer_News_classification/CADT-IDRI/Khmer_News_classification.py "HTTP/1.1 404 Not Found"
2026-01-10 14:27:16,389 - INFO - HTTP Request: GET https://huggingface.co/api/datasets/CADT-IDRI/Khmer_News_classification/revision/6df39328c394f0a26bc15c8673cb1ba8fee44a7c "HTTP/1.1 200 OK"
2026-01-10 14:27:16,663 - INFO - HTTP Request: HEAD https://huggingface.co/datasets/CADT-IDRI/Khmer_News_classification/resolve/6df39328c394f0a26bc15c8673cb1ba8fee44a7c/.huggingface.yaml "HTTP/1.1 404 Not Found"
2026-01-10 14:27:17,583 - INFO - HTTP Request: GET https://datasets-server.huggingface.co/info?dataset=CADT-IDRI/Khmer_News_classification "HTTP/1.1 200 OK"
2026-01-10 14:27:17,889 - INFO - HTTP Request: GET https://huggingface.co/api/datasets/CADT-IDRI/Khmer_News_classification/tree/6df39328c394f0a26bc15c8673cb1ba8fee44a7c/data?recursive=true&expand=false "HTTP/1.1 200 OK"
2026-01-10 14:27:18,293 - INFO - HTTP Request: GET https://huggingface.co/api/datasets/CADT-IDRI/Khmer_News_classification/tree/6df39328c394f0a26bc15c8673cb1ba8fee44a7c?recursive=false&expand=false "HTTP/1.1 200 OK"
2026-01-10 14:27:18,698 - INFO - HTTP Request: HEAD https://huggingface.co/datasets/CADT-IDRI/Khmer_News_classification/resolve/6df39328c394f0a26bc15c8673cb1ba8fee44a7c/dataset_infos.json "HTTP/1.1 404 Not Found"
2026-01-10 14:27:18,859 - INFO - Dataset loaded successfully | Train: 5801, Test: 1543
2026-01-10 14:27:18,865 - INFO - Building vocabulary...
2026-01-10 14:27:19,201 - INFO - Vocabulary built | Size: 23007 | Saved to vocab.json
2026-01-10 14:27:19,202 - INFO - Building BoW matrix...
2026-01-10 14:27:19,523 - ERROR - Failed to build BoW matrix: index 23007 is out of bounds for axis 1 with size 23007
2026-01-10 14:31:26,637 - INFO - === Starting full pipeline ===
2026-01-10 14:31:26,637 - INFO - Loading Khmer dataset...
2026-01-10 14:31:27,746 - INFO - HTTP Request: HEAD https://huggingface.co/datasets/CADT-IDRI/Khmer_News_classification/resolve/main/README.md "HTTP/1.1 307 Temporary Redirect"
2026-01-10 14:31:27,841 - INFO - HTTP Request: HEAD https://huggingface.co/api/resolve-cache/datasets/CADT-IDRI/Khmer_News_classification/6df39328c394f0a26bc15c8673cb1ba8fee44a7c/README.md "HTTP/1.1 200 OK"
2026-01-10 14:31:28,146 - INFO - HTTP Request: HEAD https://huggingface.co/datasets/CADT-IDRI/Khmer_News_classification/resolve/6df39328c394f0a26bc15c8673cb1ba8fee44a7c/Khmer_News_classification.py "HTTP/1.1 404 Not Found"
2026-01-10 14:31:29,171 - INFO - HTTP Request: HEAD https://s3.amazonaws.com/datasets.huggingface.co/datasets/datasets/CADT-IDRI/Khmer_News_classification/CADT-IDRI/Khmer_News_classification.py "HTTP/1.1 404 Not Found"
2026-01-10 14:31:29,581 - INFO - HTTP Request: GET https://huggingface.co/api/datasets/CADT-IDRI/Khmer_News_classification/revision/6df39328c394f0a26bc15c8673cb1ba8fee44a7c "HTTP/1.1 200 OK"
2026-01-10 14:31:29,889 - INFO - HTTP Request: HEAD https://huggingface.co/datasets/CADT-IDRI/Khmer_News_classification/resolve/6df39328c394f0a26bc15c8673cb1ba8fee44a7c/.huggingface.yaml "HTTP/1.1 404 Not Found"
2026-01-10 14:31:30,438 - INFO - HTTP Request: GET https://datasets-server.huggingface.co/info?dataset=CADT-IDRI/Khmer_News_classification "HTTP/1.1 200 OK"
2026-01-10 14:31:30,719 - INFO - HTTP Request: GET https://huggingface.co/api/datasets/CADT-IDRI/Khmer_News_classification/tree/6df39328c394f0a26bc15c8673cb1ba8fee44a7c/data?recursive=true&expand=false "HTTP/1.1 200 OK"
2026-01-10 14:31:31,022 - INFO - HTTP Request: GET https://huggingface.co/api/datasets/CADT-IDRI/Khmer_News_classification/tree/6df39328c394f0a26bc15c8673cb1ba8fee44a7c?recursive=false&expand=false "HTTP/1.1 200 OK"
2026-01-10 14:31:31,313 - INFO - HTTP Request: HEAD https://huggingface.co/datasets/CADT-IDRI/Khmer_News_classification/resolve/6df39328c394f0a26bc15c8673cb1ba8fee44a7c/dataset_infos.json "HTTP/1.1 404 Not Found"
2026-01-10 14:31:31,468 - INFO - Dataset loaded successfully | Train: 5801, Test: 1543
2026-01-10 14:31:31,474 - INFO - Building vocabulary...
2026-01-10 14:31:31,812 - INFO - Vocabulary built | Size: 23007 | Saved to vocab.json
2026-01-10 14:31:31,813 - INFO - Building BoW matrix...
2026-01-10 14:31:32,094 - ERROR - Failed to build BoW matrix: index 23007 is out of bounds for axis 1 with size 23007
2026-01-10 14:36:12,285 - INFO - Building vocabulary...
2026-01-10 14:36:12,286 - INFO - Vocabulary built | Size: 7 | Saved to vocab.json
2026-01-10 14:36:33,429 - INFO - === Starting full pipeline ===
2026-01-10 14:36:33,429 - INFO - Loading Khmer dataset...
2026-01-10 14:36:34,177 - INFO - HTTP Request: HEAD https://huggingface.co/datasets/CADT-IDRI/Khmer_News_classification/resolve/main/README.md "HTTP/1.1 307 Temporary Redirect"
2026-01-10 14:36:34,235 - INFO - HTTP Request: HEAD https://huggingface.co/api/resolve-cache/datasets/CADT-IDRI/Khmer_News_classification/6df39328c394f0a26bc15c8673cb1ba8fee44a7c/README.md "HTTP/1.1 200 OK"
2026-01-10 14:36:34,520 - INFO - HTTP Request: HEAD https://huggingface.co/datasets/CADT-IDRI/Khmer_News_classification/resolve/6df39328c394f0a26bc15c8673cb1ba8fee44a7c/Khmer_News_classification.py "HTTP/1.1 404 Not Found"
2026-01-10 14:36:35,433 - INFO - HTTP Request: HEAD https://s3.amazonaws.com/datasets.huggingface.co/datasets/datasets/CADT-IDRI/Khmer_News_classification/CADT-IDRI/Khmer_News_classification.py "HTTP/1.1 404 Not Found"
2026-01-10 14:36:35,721 - INFO - HTTP Request: GET https://huggingface.co/api/datasets/CADT-IDRI/Khmer_News_classification/revision/6df39328c394f0a26bc15c8673cb1ba8fee44a7c "HTTP/1.1 200 OK"
2026-01-10 14:36:36,066 - INFO - HTTP Request: HEAD https://huggingface.co/datasets/CADT-IDRI/Khmer_News_classification/resolve/6df39328c394f0a26bc15c8673cb1ba8fee44a7c/.huggingface.yaml "HTTP/1.1 404 Not Found"
2026-01-10 14:36:36,765 - INFO - HTTP Request: GET https://datasets-server.huggingface.co/info?dataset=CADT-IDRI/Khmer_News_classification "HTTP/1.1 200 OK"
2026-01-10 14:36:37,090 - INFO - HTTP Request: GET https://huggingface.co/api/datasets/CADT-IDRI/Khmer_News_classification/tree/6df39328c394f0a26bc15c8673cb1ba8fee44a7c/data?recursive=true&expand=false "HTTP/1.1 200 OK"
2026-01-10 14:36:37,475 - INFO - HTTP Request: GET https://huggingface.co/api/datasets/CADT-IDRI/Khmer_News_classification/tree/6df39328c394f0a26bc15c8673cb1ba8fee44a7c?recursive=false&expand=false "HTTP/1.1 200 OK"
2026-01-10 14:36:37,809 - INFO - HTTP Request: HEAD https://huggingface.co/datasets/CADT-IDRI/Khmer_News_classification/resolve/6df39328c394f0a26bc15c8673cb1ba8fee44a7c/dataset_infos.json "HTTP/1.1 404 Not Found"
2026-01-10 14:36:37,965 - INFO - Dataset loaded successfully | Train: 5801, Test: 1543
2026-01-10 14:36:37,974 - INFO - Building vocabulary...
2026-01-10 14:36:38,358 - INFO - Vocabulary built | Size: 42085 | Saved to vocab.json
2026-01-10 14:36:38,359 - INFO - Building BoW matrix...
2026-01-10 14:36:39,347 - INFO - BoW matrix built successfully
2026-01-10 14:36:39,347 - INFO - Building BoW matrix...
2026-01-10 14:36:39,607 - INFO - BoW matrix built successfully
2026-01-10 14:36:39,607 - INFO - Computing TF-IDF matrix...
2026-01-10 14:36:42,225 - INFO - TF-IDF matrix computed successfully
2026-01-10 14:36:42,372 - INFO - Computing TF-IDF matrix...
2026-01-10 14:36:43,052 - INFO - TF-IDF matrix computed successfully
2026-01-10 14:36:43,089 - INFO - TF-IDF matrices ready
2026-01-10 14:36:43,089 - INFO - === Training models WITHOUT PCA ===
2026-01-10 14:36:43,089 - INFO - Training LogisticRegression | PCA applied: False
2026-01-10 14:36:49,171 - INFO - Model saved successfully | classifiers\LogisticRegression\model.pkl
2026-01-10 14:36:49,175 - ERROR - Training failed: object of type 'numpy.int64' has no len()
2026-01-10 14:44:47,542 - INFO - === Starting full pipeline ===
2026-01-10 14:44:47,542 - INFO - Loading Khmer dataset...
2026-01-10 14:44:48,514 - INFO - HTTP Request: HEAD https://huggingface.co/datasets/CADT-IDRI/Khmer_News_classification/resolve/main/README.md "HTTP/1.1 307 Temporary Redirect"
2026-01-10 14:44:48,615 - INFO - HTTP Request: HEAD https://huggingface.co/api/resolve-cache/datasets/CADT-IDRI/Khmer_News_classification/6df39328c394f0a26bc15c8673cb1ba8fee44a7c/README.md "HTTP/1.1 200 OK"
2026-01-10 14:44:48,893 - INFO - HTTP Request: HEAD https://huggingface.co/datasets/CADT-IDRI/Khmer_News_classification/resolve/6df39328c394f0a26bc15c8673cb1ba8fee44a7c/Khmer_News_classification.py "HTTP/1.1 404 Not Found"
2026-01-10 14:44:49,805 - INFO - HTTP Request: HEAD https://s3.amazonaws.com/datasets.huggingface.co/datasets/datasets/CADT-IDRI/Khmer_News_classification/CADT-IDRI/Khmer_News_classification.py "HTTP/1.1 404 Not Found"
2026-01-10 14:44:50,084 - INFO - HTTP Request: GET https://huggingface.co/api/datasets/CADT-IDRI/Khmer_News_classification/revision/6df39328c394f0a26bc15c8673cb1ba8fee44a7c "HTTP/1.1 200 OK"
2026-01-10 14:44:50,376 - INFO - HTTP Request: HEAD https://huggingface.co/datasets/CADT-IDRI/Khmer_News_classification/resolve/6df39328c394f0a26bc15c8673cb1ba8fee44a7c/.huggingface.yaml "HTTP/1.1 404 Not Found"
2026-01-10 14:44:50,973 - INFO - HTTP Request: GET https://datasets-server.huggingface.co/info?dataset=CADT-IDRI/Khmer_News_classification "HTTP/1.1 200 OK"
2026-01-10 14:44:51,586 - INFO - HTTP Request: GET https://huggingface.co/api/datasets/CADT-IDRI/Khmer_News_classification/tree/6df39328c394f0a26bc15c8673cb1ba8fee44a7c/data?recursive=true&expand=false "HTTP/1.1 200 OK"
2026-01-10 14:44:53,534 - INFO - HTTP Request: GET https://huggingface.co/api/datasets/CADT-IDRI/Khmer_News_classification/tree/6df39328c394f0a26bc15c8673cb1ba8fee44a7c?recursive=false&expand=false "HTTP/1.1 200 OK"
2026-01-10 14:44:53,850 - INFO - HTTP Request: HEAD https://huggingface.co/datasets/CADT-IDRI/Khmer_News_classification/resolve/6df39328c394f0a26bc15c8673cb1ba8fee44a7c/dataset_infos.json "HTTP/1.1 404 Not Found"
2026-01-10 14:44:54,019 - INFO - Dataset loaded successfully | Train: 5801, Test: 1543
2026-01-10 14:44:54,025 - INFO - Building vocabulary...
2026-01-10 14:44:54,389 - INFO - Vocabulary built | Size: 42085 | Saved to vocab.json
2026-01-10 14:44:54,390 - INFO - Building BoW matrix...
2026-01-10 14:44:55,358 - INFO - BoW matrix built successfully
2026-01-10 14:44:55,359 - INFO - Building BoW matrix...
2026-01-10 14:44:55,624 - INFO - BoW matrix built successfully
2026-01-10 14:44:55,624 - INFO - Computing TF-IDF matrix...
2026-01-10 14:44:57,871 - INFO - TF-IDF matrix computed successfully
2026-01-10 14:44:57,977 - INFO - Computing TF-IDF matrix...
2026-01-10 14:44:58,555 - INFO - TF-IDF matrix computed successfully
2026-01-10 14:44:58,576 - INFO - TF-IDF matrices ready
2026-01-10 14:44:58,576 - INFO - === Training models WITHOUT PCA ===
2026-01-10 14:44:58,576 - INFO - Training LogisticRegression | PCA applied: False
2026-01-10 14:45:06,156 - INFO - Model saved successfully | classifiers\LogisticRegression\model.pkl
2026-01-10 14:45:06,161 - ERROR - Training failed: object of type 'numpy.int64' has no len()
2026-01-10 15:06:07,745 - INFO - === Starting full pipeline ===
2026-01-10 15:06:07,745 - INFO - Loading Khmer dataset...
2026-01-10 15:06:08,500 - INFO - HTTP Request: HEAD https://huggingface.co/datasets/CADT-IDRI/Khmer_News_classification/resolve/main/README.md "HTTP/1.1 307 Temporary Redirect"
2026-01-10 15:06:08,559 - INFO - HTTP Request: HEAD https://huggingface.co/api/resolve-cache/datasets/CADT-IDRI/Khmer_News_classification/6df39328c394f0a26bc15c8673cb1ba8fee44a7c/README.md "HTTP/1.1 200 OK"
2026-01-10 15:06:08,839 - INFO - HTTP Request: HEAD https://huggingface.co/datasets/CADT-IDRI/Khmer_News_classification/resolve/6df39328c394f0a26bc15c8673cb1ba8fee44a7c/Khmer_News_classification.py "HTTP/1.1 404 Not Found"
2026-01-10 15:06:09,943 - INFO - HTTP Request: HEAD https://s3.amazonaws.com/datasets.huggingface.co/datasets/datasets/CADT-IDRI/Khmer_News_classification/CADT-IDRI/Khmer_News_classification.py "HTTP/1.1 404 Not Found"
2026-01-10 15:06:10,368 - INFO - HTTP Request: GET https://huggingface.co/api/datasets/CADT-IDRI/Khmer_News_classification/revision/6df39328c394f0a26bc15c8673cb1ba8fee44a7c "HTTP/1.1 200 OK"
2026-01-10 15:06:10,777 - INFO - HTTP Request: HEAD https://huggingface.co/datasets/CADT-IDRI/Khmer_News_classification/resolve/6df39328c394f0a26bc15c8673cb1ba8fee44a7c/.huggingface.yaml "HTTP/1.1 404 Not Found"
2026-01-10 15:06:11,390 - INFO - HTTP Request: GET https://datasets-server.huggingface.co/info?dataset=CADT-IDRI/Khmer_News_classification "HTTP/1.1 200 OK"
2026-01-10 15:06:11,809 - INFO - HTTP Request: GET https://huggingface.co/api/datasets/CADT-IDRI/Khmer_News_classification/tree/6df39328c394f0a26bc15c8673cb1ba8fee44a7c/data?recursive=true&expand=false "HTTP/1.1 200 OK"
2026-01-10 15:06:12,208 - INFO - HTTP Request: GET https://huggingface.co/api/datasets/CADT-IDRI/Khmer_News_classification/tree/6df39328c394f0a26bc15c8673cb1ba8fee44a7c?recursive=false&expand=false "HTTP/1.1 200 OK"
2026-01-10 15:06:12,517 - INFO - HTTP Request: HEAD https://huggingface.co/datasets/CADT-IDRI/Khmer_News_classification/resolve/6df39328c394f0a26bc15c8673cb1ba8fee44a7c/dataset_infos.json "HTTP/1.1 404 Not Found"
2026-01-10 15:06:12,678 - INFO - Dataset loaded successfully | Train: 5140, Val: 661, Test: 1543
2026-01-10 15:06:12,684 - INFO - Building vocabulary...
2026-01-10 15:06:13,007 - INFO - Vocabulary built | Size: 39600 | Saved to vocab.json
2026-01-10 15:06:13,008 - INFO - Building BoW matrix...
2026-01-10 15:06:13,864 - INFO - BoW matrix built successfully
2026-01-10 15:06:13,864 - INFO - Building BoW matrix...
2026-01-10 15:06:13,968 - INFO - BoW matrix built successfully
2026-01-10 15:06:13,968 - INFO - Building BoW matrix...
2026-01-10 15:06:14,242 - INFO - BoW matrix built successfully
2026-01-10 15:06:14,242 - INFO - Computing TF-IDF matrix...
2026-01-10 15:06:15,962 - INFO - TF-IDF matrix computed successfully
2026-01-10 15:06:16,027 - INFO - Computing TF-IDF matrix...
2026-01-10 15:06:16,242 - INFO - TF-IDF matrix computed successfully
2026-01-10 15:06:16,250 - INFO - Computing TF-IDF matrix...
2026-01-10 15:06:16,766 - INFO - TF-IDF matrix computed successfully
2026-01-10 15:06:16,786 - INFO - TF-IDF matrices ready
2026-01-10 15:06:16,786 - INFO - === Training models WITHOUT PCA ===
2026-01-10 15:06:16,786 - INFO - Training LogisticRegression | PCA applied: False
2026-01-10 15:06:22,750 - INFO - Model saved successfully | classifiers\LogisticRegression\model.pkl
2026-01-10 15:06:22,753 - ERROR - Training failed: object of type 'numpy.int64' has no len()
2026-01-10 15:18:27,420 - INFO - === Starting full pipeline ===
2026-01-10 15:18:27,420 - INFO - Loading Khmer dataset...
2026-01-10 15:18:28,456 - INFO - HTTP Request: HEAD https://huggingface.co/datasets/CADT-IDRI/Khmer_News_classification/resolve/main/README.md "HTTP/1.1 307 Temporary Redirect"
2026-01-10 15:18:28,518 - INFO - HTTP Request: HEAD https://huggingface.co/api/resolve-cache/datasets/CADT-IDRI/Khmer_News_classification/6df39328c394f0a26bc15c8673cb1ba8fee44a7c/README.md "HTTP/1.1 200 OK"
2026-01-10 15:18:28,871 - INFO - HTTP Request: HEAD https://huggingface.co/datasets/CADT-IDRI/Khmer_News_classification/resolve/6df39328c394f0a26bc15c8673cb1ba8fee44a7c/Khmer_News_classification.py "HTTP/1.1 404 Not Found"
2026-01-10 15:18:30,115 - INFO - HTTP Request: HEAD https://s3.amazonaws.com/datasets.huggingface.co/datasets/datasets/CADT-IDRI/Khmer_News_classification/CADT-IDRI/Khmer_News_classification.py "HTTP/1.1 404 Not Found"
2026-01-10 15:18:30,520 - INFO - HTTP Request: GET https://huggingface.co/api/datasets/CADT-IDRI/Khmer_News_classification/revision/6df39328c394f0a26bc15c8673cb1ba8fee44a7c "HTTP/1.1 200 OK"
2026-01-10 15:18:30,830 - INFO - HTTP Request: HEAD https://huggingface.co/datasets/CADT-IDRI/Khmer_News_classification/resolve/6df39328c394f0a26bc15c8673cb1ba8fee44a7c/.huggingface.yaml "HTTP/1.1 404 Not Found"
2026-01-10 15:18:31,659 - INFO - HTTP Request: GET https://datasets-server.huggingface.co/info?dataset=CADT-IDRI/Khmer_News_classification "HTTP/1.1 200 OK"
2026-01-10 15:18:31,954 - INFO - HTTP Request: GET https://huggingface.co/api/datasets/CADT-IDRI/Khmer_News_classification/tree/6df39328c394f0a26bc15c8673cb1ba8fee44a7c/data?recursive=true&expand=false "HTTP/1.1 200 OK"
2026-01-10 15:18:32,365 - INFO - HTTP Request: GET https://huggingface.co/api/datasets/CADT-IDRI/Khmer_News_classification/tree/6df39328c394f0a26bc15c8673cb1ba8fee44a7c?recursive=false&expand=false "HTTP/1.1 200 OK"
2026-01-10 15:18:32,673 - INFO - HTTP Request: HEAD https://huggingface.co/datasets/CADT-IDRI/Khmer_News_classification/resolve/6df39328c394f0a26bc15c8673cb1ba8fee44a7c/dataset_infos.json "HTTP/1.1 404 Not Found"
2026-01-10 15:18:32,820 - INFO - Dataset loaded successfully | Train: 5140, Val: 661, Test: 1543
2026-01-10 15:18:32,826 - INFO - Building vocabulary...
2026-01-10 15:18:33,172 - INFO - Vocabulary built | Size: 39600 | Saved to vocab.json
2026-01-10 15:18:33,173 - INFO - Building BoW matrix...
2026-01-10 15:18:34,141 - INFO - BoW matrix built successfully
2026-01-10 15:18:34,141 - INFO - Building BoW matrix...
2026-01-10 15:18:34,263 - INFO - BoW matrix built successfully
2026-01-10 15:18:34,263 - INFO - Building BoW matrix...
2026-01-10 15:18:34,572 - INFO - BoW matrix built successfully
2026-01-10 15:18:34,572 - INFO - Computing TF-IDF matrix...
2026-01-10 15:18:36,259 - INFO - TF-IDF matrix computed successfully
2026-01-10 15:18:36,320 - INFO - Computing TF-IDF matrix...
2026-01-10 15:18:36,536 - INFO - TF-IDF matrix computed successfully
2026-01-10 15:18:36,544 - INFO - Computing TF-IDF matrix...
2026-01-10 15:18:37,066 - INFO - TF-IDF matrix computed successfully
2026-01-10 15:18:37,087 - INFO - TF-IDF matrices ready
2026-01-10 15:18:37,087 - INFO - === Training models WITHOUT PCA ===
2026-01-10 15:18:37,087 - INFO - Training LogisticRegression | PCA applied: False
2026-01-10 15:18:43,324 - INFO - Model saved successfully | classifiers\LogisticRegression\model.pkl
2026-01-10 15:18:43,328 - ERROR - Training failed: object of type 'numpy.int64' has no len()
2026-01-10 15:22:52,916 - INFO - === Starting full pipeline ===
2026-01-10 15:22:52,916 - INFO - Loading Khmer dataset...
2026-01-10 15:22:54,821 - INFO - HTTP Request: HEAD https://huggingface.co/datasets/CADT-IDRI/Khmer_News_classification/resolve/main/README.md "HTTP/1.1 307 Temporary Redirect"
2026-01-10 15:22:54,917 - INFO - HTTP Request: HEAD https://huggingface.co/api/resolve-cache/datasets/CADT-IDRI/Khmer_News_classification/6df39328c394f0a26bc15c8673cb1ba8fee44a7c/README.md "HTTP/1.1 200 OK"
2026-01-10 15:22:55,224 - INFO - HTTP Request: HEAD https://huggingface.co/datasets/CADT-IDRI/Khmer_News_classification/resolve/6df39328c394f0a26bc15c8673cb1ba8fee44a7c/Khmer_News_classification.py "HTTP/1.1 404 Not Found"
2026-01-10 15:22:56,250 - INFO - HTTP Request: HEAD https://s3.amazonaws.com/datasets.huggingface.co/datasets/datasets/CADT-IDRI/Khmer_News_classification/CADT-IDRI/Khmer_News_classification.py "HTTP/1.1 404 Not Found"
2026-01-10 15:22:56,558 - INFO - HTTP Request: GET https://huggingface.co/api/datasets/CADT-IDRI/Khmer_News_classification/revision/6df39328c394f0a26bc15c8673cb1ba8fee44a7c "HTTP/1.1 200 OK"
2026-01-10 15:22:56,866 - INFO - HTTP Request: HEAD https://huggingface.co/datasets/CADT-IDRI/Khmer_News_classification/resolve/6df39328c394f0a26bc15c8673cb1ba8fee44a7c/.huggingface.yaml "HTTP/1.1 404 Not Found"
2026-01-10 15:22:57,430 - INFO - HTTP Request: GET https://datasets-server.huggingface.co/info?dataset=CADT-IDRI/Khmer_News_classification "HTTP/1.1 200 OK"
2026-01-10 15:22:57,787 - INFO - HTTP Request: GET https://huggingface.co/api/datasets/CADT-IDRI/Khmer_News_classification/tree/6df39328c394f0a26bc15c8673cb1ba8fee44a7c/data?recursive=true&expand=false "HTTP/1.1 200 OK"
2026-01-10 15:22:58,092 - INFO - HTTP Request: GET https://huggingface.co/api/datasets/CADT-IDRI/Khmer_News_classification/tree/6df39328c394f0a26bc15c8673cb1ba8fee44a7c?recursive=false&expand=false "HTTP/1.1 200 OK"
2026-01-10 15:22:58,515 - INFO - HTTP Request: HEAD https://huggingface.co/datasets/CADT-IDRI/Khmer_News_classification/resolve/6df39328c394f0a26bc15c8673cb1ba8fee44a7c/dataset_infos.json "HTTP/1.1 404 Not Found"
2026-01-10 15:22:58,702 - INFO - Dataset loaded successfully | Train: 5140, Val: 661, Test: 1543
2026-01-10 15:22:58,709 - INFO - Building vocabulary...
2026-01-10 15:22:59,048 - INFO - Vocabulary built | Size: 39600 | Saved to vocab.json
2026-01-10 15:22:59,048 - INFO - Building BoW matrix...
2026-01-10 15:23:00,219 - INFO - BoW matrix built successfully
2026-01-10 15:23:00,219 - INFO - Building BoW matrix...
2026-01-10 15:23:00,402 - INFO - BoW matrix built successfully
2026-01-10 15:23:00,403 - INFO - Building BoW matrix...
2026-01-10 15:23:00,699 - INFO - BoW matrix built successfully
2026-01-10 15:23:00,699 - INFO - Computing TF-IDF matrix...
2026-01-10 15:23:02,373 - INFO - TF-IDF matrix computed successfully
2026-01-10 15:23:02,437 - INFO - Computing TF-IDF matrix...
2026-01-10 15:23:02,660 - INFO - TF-IDF matrix computed successfully
2026-01-10 15:23:02,668 - INFO - Computing TF-IDF matrix...
2026-01-10 15:23:03,203 - INFO - TF-IDF matrix computed successfully
2026-01-10 15:23:03,223 - INFO - TF-IDF matrices ready
2026-01-10 15:23:03,223 - INFO - === Training models WITHOUT PCA ===
2026-01-10 15:23:03,223 - INFO - Training LogisticRegression | PCA applied: False
2026-01-10 15:23:10,308 - INFO - Model saved successfully | classifiers\LogisticRegression\model.pkl
2026-01-10 15:23:10,311 - ERROR - Training failed: object of type 'numpy.int64' has no len()
2026-01-10 15:31:42,264 - INFO - === Starting full pipeline ===
2026-01-10 15:31:42,264 - INFO - Loading Khmer dataset...
2026-01-10 15:31:43,105 - INFO - HTTP Request: HEAD https://huggingface.co/datasets/CADT-IDRI/Khmer_News_classification/resolve/main/README.md "HTTP/1.1 307 Temporary Redirect"
2026-01-10 15:31:43,169 - INFO - HTTP Request: HEAD https://huggingface.co/api/resolve-cache/datasets/CADT-IDRI/Khmer_News_classification/6df39328c394f0a26bc15c8673cb1ba8fee44a7c/README.md "HTTP/1.1 200 OK"
2026-01-10 15:31:43,516 - INFO - HTTP Request: HEAD https://huggingface.co/datasets/CADT-IDRI/Khmer_News_classification/resolve/6df39328c394f0a26bc15c8673cb1ba8fee44a7c/Khmer_News_classification.py "HTTP/1.1 404 Not Found"
2026-01-10 15:31:44,455 - INFO - HTTP Request: HEAD https://s3.amazonaws.com/datasets.huggingface.co/datasets/datasets/CADT-IDRI/Khmer_News_classification/CADT-IDRI/Khmer_News_classification.py "HTTP/1.1 404 Not Found"
2026-01-10 15:31:44,747 - INFO - HTTP Request: GET https://huggingface.co/api/datasets/CADT-IDRI/Khmer_News_classification/revision/6df39328c394f0a26bc15c8673cb1ba8fee44a7c "HTTP/1.1 200 OK"
2026-01-10 15:31:45,031 - INFO - HTTP Request: HEAD https://huggingface.co/datasets/CADT-IDRI/Khmer_News_classification/resolve/6df39328c394f0a26bc15c8673cb1ba8fee44a7c/.huggingface.yaml "HTTP/1.1 404 Not Found"
2026-01-10 15:31:45,553 - INFO - HTTP Request: GET https://datasets-server.huggingface.co/info?dataset=CADT-IDRI/Khmer_News_classification "HTTP/1.1 200 OK"
2026-01-10 15:31:45,868 - INFO - HTTP Request: GET https://huggingface.co/api/datasets/CADT-IDRI/Khmer_News_classification/tree/6df39328c394f0a26bc15c8673cb1ba8fee44a7c/data?recursive=true&expand=false "HTTP/1.1 200 OK"
2026-01-10 15:31:46,284 - INFO - HTTP Request: GET https://huggingface.co/api/datasets/CADT-IDRI/Khmer_News_classification/tree/6df39328c394f0a26bc15c8673cb1ba8fee44a7c?recursive=false&expand=false "HTTP/1.1 200 OK"
2026-01-10 15:31:46,692 - INFO - HTTP Request: HEAD https://huggingface.co/datasets/CADT-IDRI/Khmer_News_classification/resolve/6df39328c394f0a26bc15c8673cb1ba8fee44a7c/dataset_infos.json "HTTP/1.1 404 Not Found"
2026-01-10 15:31:46,863 - INFO - Dataset loaded successfully | Train: 5140, Val: 661, Test: 1543
2026-01-10 15:31:46,869 - INFO - Building vocabulary...
2026-01-10 15:31:47,192 - INFO - Vocabulary built | Size: 39600 | Saved to vocab.json
2026-01-10 15:31:47,193 - INFO - Building BoW matrix...
2026-01-10 15:31:48,035 - INFO - BoW matrix built successfully
2026-01-10 15:31:48,035 - INFO - Building BoW matrix...
2026-01-10 15:31:48,140 - INFO - BoW matrix built successfully
2026-01-10 15:31:48,140 - INFO - Building BoW matrix...
2026-01-10 15:31:48,389 - INFO - BoW matrix built successfully
2026-01-10 15:31:48,389 - INFO - Computing TF-IDF matrix...
2026-01-10 15:31:50,104 - INFO - TF-IDF matrix computed successfully
2026-01-10 15:31:50,170 - INFO - Computing TF-IDF matrix...
2026-01-10 15:31:50,393 - INFO - TF-IDF matrix computed successfully
2026-01-10 15:31:50,402 - INFO - Computing TF-IDF matrix...
2026-01-10 15:31:50,946 - INFO - TF-IDF matrix computed successfully
2026-01-10 15:31:50,969 - INFO - TF-IDF matrices ready
2026-01-10 15:31:50,969 - INFO - === Training models WITHOUT PCA ===
2026-01-10 15:31:50,969 - INFO - Training LogisticRegression | PCA applied: False
2026-01-10 15:31:57,417 - INFO - Model saved successfully | classifiers\LogisticRegression\model.pkl
2026-01-10 15:31:57,420 - ERROR - Training failed: object of type 'numpy.int64' has no len()
2026-01-10 15:33:42,992 - INFO - Applying Truncated SVD | Components: 50
2026-01-10 15:33:43,019 - INFO - Dimensionality reduction completed
2026-01-10 15:38:44,829 - INFO - === Starting full pipeline ===
2026-01-10 15:38:44,829 - INFO - Loading Khmer dataset...
2026-01-10 15:38:45,627 - INFO - HTTP Request: HEAD https://huggingface.co/datasets/CADT-IDRI/Khmer_News_classification/resolve/main/README.md "HTTP/1.1 307 Temporary Redirect"
2026-01-10 15:38:45,684 - INFO - HTTP Request: HEAD https://huggingface.co/api/resolve-cache/datasets/CADT-IDRI/Khmer_News_classification/6df39328c394f0a26bc15c8673cb1ba8fee44a7c/README.md "HTTP/1.1 200 OK"
2026-01-10 15:38:45,958 - INFO - HTTP Request: HEAD https://huggingface.co/datasets/CADT-IDRI/Khmer_News_classification/resolve/6df39328c394f0a26bc15c8673cb1ba8fee44a7c/Khmer_News_classification.py "HTTP/1.1 404 Not Found"
2026-01-10 15:38:47,251 - INFO - HTTP Request: HEAD https://s3.amazonaws.com/datasets.huggingface.co/datasets/datasets/CADT-IDRI/Khmer_News_classification/CADT-IDRI/Khmer_News_classification.py "HTTP/1.1 404 Not Found"
2026-01-10 15:38:47,558 - INFO - HTTP Request: GET https://huggingface.co/api/datasets/CADT-IDRI/Khmer_News_classification/revision/6df39328c394f0a26bc15c8673cb1ba8fee44a7c "HTTP/1.1 200 OK"
2026-01-10 15:38:47,866 - INFO - HTTP Request: HEAD https://huggingface.co/datasets/CADT-IDRI/Khmer_News_classification/resolve/6df39328c394f0a26bc15c8673cb1ba8fee44a7c/.huggingface.yaml "HTTP/1.1 404 Not Found"
2026-01-10 15:38:48,581 - INFO - HTTP Request: GET https://datasets-server.huggingface.co/info?dataset=CADT-IDRI/Khmer_News_classification "HTTP/1.1 200 OK"
2026-01-10 15:38:48,970 - INFO - HTTP Request: GET https://huggingface.co/api/datasets/CADT-IDRI/Khmer_News_classification/tree/6df39328c394f0a26bc15c8673cb1ba8fee44a7c/data?recursive=true&expand=false "HTTP/1.1 200 OK"
2026-01-10 15:38:49,272 - INFO - HTTP Request: GET https://huggingface.co/api/datasets/CADT-IDRI/Khmer_News_classification/tree/6df39328c394f0a26bc15c8673cb1ba8fee44a7c?recursive=false&expand=false "HTTP/1.1 200 OK"
2026-01-10 15:38:49,607 - INFO - HTTP Request: HEAD https://huggingface.co/datasets/CADT-IDRI/Khmer_News_classification/resolve/6df39328c394f0a26bc15c8673cb1ba8fee44a7c/dataset_infos.json "HTTP/1.1 404 Not Found"
2026-01-10 15:38:49,771 - INFO - Dataset loaded successfully | Train: 5140, Val: 661, Test: 1543
2026-01-10 15:38:49,777 - INFO - Building vocabulary...
2026-01-10 15:38:50,111 - INFO - Vocabulary built | Size: 39600 | Saved to vocab.json
2026-01-10 15:38:50,111 - INFO - Building BoW matrix...
2026-01-10 15:38:50,994 - INFO - BoW matrix built successfully
2026-01-10 15:38:50,994 - INFO - Building BoW matrix...
2026-01-10 15:38:51,106 - INFO - BoW matrix built successfully
2026-01-10 15:38:51,106 - INFO - Building BoW matrix...
2026-01-10 15:38:51,372 - INFO - BoW matrix built successfully
2026-01-10 15:38:51,372 - INFO - Computing TF-IDF matrix...
2026-01-10 15:38:53,045 - INFO - TF-IDF matrix computed successfully
2026-01-10 15:38:53,106 - INFO - Computing TF-IDF matrix...
2026-01-10 15:38:53,327 - INFO - TF-IDF matrix computed successfully
2026-01-10 15:38:53,335 - INFO - Computing TF-IDF matrix...
2026-01-10 15:38:53,856 - INFO - TF-IDF matrix computed successfully
2026-01-10 15:38:53,875 - INFO - TF-IDF matrices ready
2026-01-10 15:38:53,875 - INFO - === Applying PCA with n_components=500 ===
2026-01-10 15:38:53,875 - INFO - Applying Truncated SVD | Components: 500
2026-01-10 15:39:09,665 - INFO - Dimensionality reduction completed
2026-01-10 15:39:09,927 - INFO - === Training models WITH PCA ===
2026-01-10 15:39:09,927 - INFO - Training LogisticRegression | PCA applied: True
2026-01-10 15:39:10,076 - INFO - Model saved successfully | classifiers\LogisticRegression\model.pkl
2026-01-10 15:39:10,078 - ERROR - Training failed: object of type 'numpy.int64' has no len()
2026-01-10 15:45:49,906 - INFO - === Starting full pipeline ===
2026-01-10 15:45:49,906 - INFO - Loading Khmer dataset...
2026-01-10 15:45:50,802 - INFO - HTTP Request: HEAD https://huggingface.co/datasets/CADT-IDRI/Khmer_News_classification/resolve/main/README.md "HTTP/1.1 307 Temporary Redirect"
2026-01-10 15:45:50,886 - INFO - HTTP Request: HEAD https://huggingface.co/api/resolve-cache/datasets/CADT-IDRI/Khmer_News_classification/6df39328c394f0a26bc15c8673cb1ba8fee44a7c/README.md "HTTP/1.1 200 OK"
2026-01-10 15:45:51,194 - INFO - HTTP Request: HEAD https://huggingface.co/datasets/CADT-IDRI/Khmer_News_classification/resolve/6df39328c394f0a26bc15c8673cb1ba8fee44a7c/Khmer_News_classification.py "HTTP/1.1 404 Not Found"
2026-01-10 15:45:52,320 - INFO - HTTP Request: HEAD https://s3.amazonaws.com/datasets.huggingface.co/datasets/datasets/CADT-IDRI/Khmer_News_classification/CADT-IDRI/Khmer_News_classification.py "HTTP/1.1 404 Not Found"
2026-01-10 15:45:52,626 - INFO - HTTP Request: GET https://huggingface.co/api/datasets/CADT-IDRI/Khmer_News_classification/revision/6df39328c394f0a26bc15c8673cb1ba8fee44a7c "HTTP/1.1 200 OK"
2026-01-10 15:45:52,936 - INFO - HTTP Request: HEAD https://huggingface.co/datasets/CADT-IDRI/Khmer_News_classification/resolve/6df39328c394f0a26bc15c8673cb1ba8fee44a7c/.huggingface.yaml "HTTP/1.1 404 Not Found"
2026-01-10 15:45:53,634 - INFO - HTTP Request: GET https://datasets-server.huggingface.co/info?dataset=CADT-IDRI/Khmer_News_classification "HTTP/1.1 200 OK"
2026-01-10 15:45:53,959 - INFO - HTTP Request: GET https://huggingface.co/api/datasets/CADT-IDRI/Khmer_News_classification/tree/6df39328c394f0a26bc15c8673cb1ba8fee44a7c/data?recursive=true&expand=false "HTTP/1.1 200 OK"
2026-01-10 15:45:54,269 - INFO - HTTP Request: GET https://huggingface.co/api/datasets/CADT-IDRI/Khmer_News_classification/tree/6df39328c394f0a26bc15c8673cb1ba8fee44a7c?recursive=false&expand=false "HTTP/1.1 200 OK"
2026-01-10 15:45:54,674 - INFO - HTTP Request: HEAD https://huggingface.co/datasets/CADT-IDRI/Khmer_News_classification/resolve/6df39328c394f0a26bc15c8673cb1ba8fee44a7c/dataset_infos.json "HTTP/1.1 404 Not Found"
2026-01-10 15:45:54,879 - INFO - Dataset loaded successfully | Train: 5140, Val: 661, Test: 1543
2026-01-10 15:45:54,887 - INFO - Building vocabulary...
2026-01-10 15:45:55,280 - INFO - Vocabulary built | Size: 39600 | Saved to vocab.json
2026-01-10 15:45:55,281 - INFO - Building BoW matrix...
2026-01-10 15:45:56,560 - INFO - BoW matrix built successfully
2026-01-10 15:45:56,560 - INFO - Building BoW matrix...
2026-01-10 15:45:56,713 - INFO - BoW matrix built successfully
2026-01-10 15:45:56,713 - INFO - Building BoW matrix...
2026-01-10 15:45:57,078 - INFO - BoW matrix built successfully
2026-01-10 15:45:57,078 - INFO - Computing TF-IDF matrix...
2026-01-10 15:45:59,188 - INFO - TF-IDF matrix computed successfully
2026-01-10 15:45:59,280 - INFO - Computing TF-IDF matrix...
2026-01-10 15:45:59,552 - INFO - TF-IDF matrix computed successfully
2026-01-10 15:45:59,563 - INFO - Computing TF-IDF matrix...
2026-01-10 15:46:00,227 - INFO - TF-IDF matrix computed successfully
2026-01-10 15:46:00,250 - INFO - TF-IDF matrices ready
2026-01-10 15:46:00,250 - INFO - === Applying PCA with n_components=5000 ===
2026-01-10 15:46:00,250 - INFO - Applying Truncated SVD | Components: 5000
2026-01-10 15:57:30,449 - INFO - Dimensionality reduction completed
2026-01-10 15:57:33,201 - INFO - === Training models WITH PCA ===
2026-01-10 15:57:33,202 - INFO - Training LogisticRegression | PCA applied: True
2026-01-10 15:57:34,225 - INFO - Model saved successfully | classifiers\LogisticRegression\model.pkl
2026-01-10 15:57:34,236 - INFO - LogisticRegression training completed | Metrics saved
2026-01-10 15:57:34,236 - INFO - Training RandomForest | PCA applied: True
2026-01-10 16:03:39,261 - INFO - Model saved successfully | classifiers\RandomForest\model.pkl
2026-01-10 16:03:39,300 - INFO - RandomForest training completed | Metrics saved
2026-01-10 16:03:39,326 - INFO - Training SVM | PCA applied: True
2026-01-10 16:26:03,737 - INFO - Model saved successfully | classifiers\SVM\model.pkl
2026-01-10 16:26:03,774 - INFO - SVM training completed | Metrics saved
2026-01-10 16:26:03,793 - INFO - === Pipeline completed successfully ===
2026-01-10 16:44:51,693 - INFO - Testing model: classifiers\LogisticRegression\model.pkl
2026-01-10 16:44:51,815 - ERROR - Testing failed for classifiers\LogisticRegression\model.pkl: X has 50 features, but LogisticRegression is expecting 5000 features as input.
2026-01-10 16:47:16,763 - INFO - === Starting test_all_models ===
2026-01-10 16:47:16,763 - INFO - Loading Khmer dataset...
2026-01-10 16:47:18,026 - INFO - HTTP Request: HEAD https://huggingface.co/datasets/CADT-IDRI/Khmer_News_classification/resolve/main/README.md "HTTP/1.1 307 Temporary Redirect"
2026-01-10 16:47:18,027 - WARNING - Warning: You are sending unauthenticated requests to the HF Hub. Please set a HF_TOKEN to enable higher rate limits and faster downloads.
2026-01-10 16:47:18,100 - INFO - HTTP Request: HEAD https://huggingface.co/api/resolve-cache/datasets/CADT-IDRI/Khmer_News_classification/6df39328c394f0a26bc15c8673cb1ba8fee44a7c/README.md "HTTP/1.1 200 OK"
2026-01-10 16:47:18,376 - INFO - HTTP Request: HEAD https://huggingface.co/datasets/CADT-IDRI/Khmer_News_classification/resolve/6df39328c394f0a26bc15c8673cb1ba8fee44a7c/Khmer_News_classification.py "HTTP/1.1 404 Not Found"
2026-01-10 16:47:19,367 - INFO - HTTP Request: HEAD https://s3.amazonaws.com/datasets.huggingface.co/datasets/datasets/CADT-IDRI/Khmer_News_classification/CADT-IDRI/Khmer_News_classification.py "HTTP/1.1 404 Not Found"
2026-01-10 16:47:19,658 - INFO - HTTP Request: GET https://huggingface.co/api/datasets/CADT-IDRI/Khmer_News_classification/revision/6df39328c394f0a26bc15c8673cb1ba8fee44a7c "HTTP/1.1 200 OK"
2026-01-10 16:47:19,974 - INFO - HTTP Request: HEAD https://huggingface.co/datasets/CADT-IDRI/Khmer_News_classification/resolve/6df39328c394f0a26bc15c8673cb1ba8fee44a7c/.huggingface.yaml "HTTP/1.1 404 Not Found"
2026-01-10 16:47:20,672 - INFO - HTTP Request: GET https://datasets-server.huggingface.co/info?dataset=CADT-IDRI/Khmer_News_classification "HTTP/1.1 200 OK"
2026-01-10 16:47:21,098 - INFO - HTTP Request: GET https://huggingface.co/api/datasets/CADT-IDRI/Khmer_News_classification/tree/6df39328c394f0a26bc15c8673cb1ba8fee44a7c/data?recursive=true&expand=false "HTTP/1.1 200 OK"
2026-01-10 16:47:21,390 - INFO - HTTP Request: GET https://huggingface.co/api/datasets/CADT-IDRI/Khmer_News_classification/tree/6df39328c394f0a26bc15c8673cb1ba8fee44a7c?recursive=false&expand=false "HTTP/1.1 200 OK"
2026-01-10 16:47:21,816 - INFO - HTTP Request: HEAD https://huggingface.co/datasets/CADT-IDRI/Khmer_News_classification/resolve/6df39328c394f0a26bc15c8673cb1ba8fee44a7c/dataset_infos.json "HTTP/1.1 404 Not Found"
2026-01-10 16:47:22,078 - INFO - Dataset loaded successfully | Train: 5140, Val: 661, Test: 1543
2026-01-10 16:47:22,086 - INFO - Building vocabulary...
2026-01-10 16:47:22,518 - INFO - Vocabulary built | Size: 39600 | Saved to vocab.json
2026-01-10 16:47:22,518 - INFO - Building BoW matrix...
2026-01-10 16:47:22,838 - INFO - BoW matrix built successfully
2026-01-10 16:47:22,838 - INFO - Computing TF-IDF matrix...
2026-01-10 16:47:23,408 - INFO - TF-IDF matrix computed successfully
2026-01-10 16:47:23,431 - INFO - Building BoW matrix...
2026-01-10 16:47:24,488 - INFO - BoW matrix built successfully
2026-01-10 16:47:24,488 - INFO - Computing TF-IDF matrix...
2026-01-10 16:47:26,498 - INFO - TF-IDF matrix computed successfully
2026-01-10 16:47:26,572 - INFO - Applying Truncated SVD | Components: 100
2026-01-10 16:47:31,895 - INFO - Dimensionality reduction completed
2026-01-10 16:47:31,899 - INFO - Testing model: classifiers\LogisticRegression\model.pkl
2026-01-10 16:47:31,901 - ERROR - Testing failed for classifiers\LogisticRegression\model.pkl: X has 100 features, but LogisticRegression is expecting 5000 features as input.
2026-01-10 16:49:01,182 - INFO - === Starting test_all_models ===
2026-01-10 16:49:01,182 - INFO - Loading Khmer dataset...
2026-01-10 16:49:02,126 - INFO - HTTP Request: HEAD https://huggingface.co/datasets/CADT-IDRI/Khmer_News_classification/resolve/main/README.md "HTTP/1.1 307 Temporary Redirect"
2026-01-10 16:49:02,272 - INFO - HTTP Request: HEAD https://huggingface.co/api/resolve-cache/datasets/CADT-IDRI/Khmer_News_classification/6df39328c394f0a26bc15c8673cb1ba8fee44a7c/README.md "HTTP/1.1 200 OK"
2026-01-10 16:49:02,578 - INFO - HTTP Request: HEAD https://huggingface.co/datasets/CADT-IDRI/Khmer_News_classification/resolve/6df39328c394f0a26bc15c8673cb1ba8fee44a7c/Khmer_News_classification.py "HTTP/1.1 404 Not Found"
2026-01-10 16:49:03,601 - INFO - HTTP Request: HEAD https://s3.amazonaws.com/datasets.huggingface.co/datasets/datasets/CADT-IDRI/Khmer_News_classification/CADT-IDRI/Khmer_News_classification.py "HTTP/1.1 404 Not Found"
2026-01-10 16:49:03,915 - INFO - HTTP Request: GET https://huggingface.co/api/datasets/CADT-IDRI/Khmer_News_classification/revision/6df39328c394f0a26bc15c8673cb1ba8fee44a7c "HTTP/1.1 200 OK"
2026-01-10 16:49:04,226 - INFO - HTTP Request: HEAD https://huggingface.co/datasets/CADT-IDRI/Khmer_News_classification/resolve/6df39328c394f0a26bc15c8673cb1ba8fee44a7c/.huggingface.yaml "HTTP/1.1 404 Not Found"
2026-01-10 16:49:04,934 - INFO - HTTP Request: GET https://datasets-server.huggingface.co/info?dataset=CADT-IDRI/Khmer_News_classification "HTTP/1.1 200 OK"
2026-01-10 16:49:05,240 - INFO - HTTP Request: GET https://huggingface.co/api/datasets/CADT-IDRI/Khmer_News_classification/tree/6df39328c394f0a26bc15c8673cb1ba8fee44a7c/data?recursive=true&expand=false "HTTP/1.1 200 OK"
2026-01-10 16:49:05,547 - INFO - HTTP Request: GET https://huggingface.co/api/datasets/CADT-IDRI/Khmer_News_classification/tree/6df39328c394f0a26bc15c8673cb1ba8fee44a7c?recursive=false&expand=false "HTTP/1.1 200 OK"
2026-01-10 16:49:05,854 - INFO - HTTP Request: HEAD https://huggingface.co/datasets/CADT-IDRI/Khmer_News_classification/resolve/6df39328c394f0a26bc15c8673cb1ba8fee44a7c/dataset_infos.json "HTTP/1.1 404 Not Found"
2026-01-10 16:49:06,072 - INFO - Dataset loaded successfully | Train: 5140, Val: 661, Test: 1543
2026-01-10 16:49:06,079 - INFO - Building vocabulary...
2026-01-10 16:49:06,474 - INFO - Vocabulary built | Size: 39600 | Saved to vocab.json
2026-01-10 16:49:06,475 - INFO - Building BoW matrix...
2026-01-10 16:49:06,804 - INFO - BoW matrix built successfully
2026-01-10 16:49:06,805 - INFO - Computing TF-IDF matrix...
2026-01-10 16:49:07,462 - INFO - TF-IDF matrix computed successfully
2026-01-10 16:49:07,485 - INFO - Building BoW matrix...
2026-01-10 16:49:08,552 - INFO - BoW matrix built successfully
2026-01-10 16:49:08,552 - INFO - Computing TF-IDF matrix...
2026-01-10 16:49:10,666 - INFO - TF-IDF matrix computed successfully
2026-01-10 16:49:10,757 - INFO - Applying Truncated SVD | Components: 100
2026-01-10 16:49:18,851 - INFO - Dimensionality reduction completed
2026-01-10 16:49:18,854 - INFO - Testing model: classifiers\LogisticRegression\model.pkl
2026-01-10 16:49:18,855 - ERROR - Testing failed for classifiers\LogisticRegression\model.pkl: X has 100 features, but LogisticRegression is expecting 5000 features as input.
2026-01-10 22:12:35,251 - INFO - === Starting test_all_models ===
2026-01-10 22:12:35,251 - INFO - Loading Khmer dataset...
2026-01-10 22:12:36,534 - INFO - HTTP Request: HEAD https://huggingface.co/datasets/CADT-IDRI/Khmer_News_classification/resolve/main/README.md "HTTP/1.1 307 Temporary Redirect"
2026-01-10 22:12:36,635 - INFO - HTTP Request: HEAD https://huggingface.co/api/resolve-cache/datasets/CADT-IDRI/Khmer_News_classification/6df39328c394f0a26bc15c8673cb1ba8fee44a7c/README.md "HTTP/1.1 200 OK"
2026-01-10 22:12:36,973 - INFO - HTTP Request: HEAD https://huggingface.co/datasets/CADT-IDRI/Khmer_News_classification/resolve/6df39328c394f0a26bc15c8673cb1ba8fee44a7c/Khmer_News_classification.py "HTTP/1.1 404 Not Found"
2026-01-10 22:12:37,942 - INFO - HTTP Request: HEAD https://s3.amazonaws.com/datasets.huggingface.co/datasets/datasets/CADT-IDRI/Khmer_News_classification/CADT-IDRI/Khmer_News_classification.py "HTTP/1.1 404 Not Found"
2026-01-10 22:12:38,504 - INFO - HTTP Request: GET https://huggingface.co/api/datasets/CADT-IDRI/Khmer_News_classification/revision/6df39328c394f0a26bc15c8673cb1ba8fee44a7c "HTTP/1.1 200 OK"
2026-01-10 22:12:38,848 - INFO - HTTP Request: HEAD https://huggingface.co/datasets/CADT-IDRI/Khmer_News_classification/resolve/6df39328c394f0a26bc15c8673cb1ba8fee44a7c/.huggingface.yaml "HTTP/1.1 404 Not Found"
2026-01-10 22:12:38,848 - WARNING - Warning: You are sending unauthenticated requests to the HF Hub. Please set a HF_TOKEN to enable higher rate limits and faster downloads.
2026-01-10 22:12:39,648 - INFO - HTTP Request: GET https://datasets-server.huggingface.co/info?dataset=CADT-IDRI/Khmer_News_classification "HTTP/1.1 200 OK"
2026-01-10 22:12:40,058 - INFO - HTTP Request: GET https://huggingface.co/api/datasets/CADT-IDRI/Khmer_News_classification/tree/6df39328c394f0a26bc15c8673cb1ba8fee44a7c/data?recursive=true&expand=false "HTTP/1.1 200 OK"
2026-01-10 22:12:40,575 - INFO - HTTP Request: GET https://huggingface.co/api/datasets/CADT-IDRI/Khmer_News_classification/tree/6df39328c394f0a26bc15c8673cb1ba8fee44a7c?recursive=false&expand=false "HTTP/1.1 200 OK"
2026-01-10 22:12:40,979 - INFO - HTTP Request: HEAD https://huggingface.co/datasets/CADT-IDRI/Khmer_News_classification/resolve/6df39328c394f0a26bc15c8673cb1ba8fee44a7c/dataset_infos.json "HTTP/1.1 404 Not Found"
2026-01-10 22:12:41,316 - INFO - Dataset loaded successfully | Train: 5140, Val: 661, Test: 1543
2026-01-10 22:12:41,322 - INFO - Building vocabulary...
2026-01-10 22:12:41,714 - INFO - Vocabulary built | Size: 39600 | Saved to vocab.json
2026-01-10 22:12:41,715 - INFO - Building BoW matrix...
2026-01-10 22:12:42,026 - INFO - BoW matrix built successfully
2026-01-10 22:12:42,026 - INFO - Computing TF-IDF matrix...
2026-01-10 22:12:42,685 - INFO - TF-IDF matrix computed successfully
2026-01-10 22:12:42,709 - INFO - Building BoW matrix...
2026-01-10 22:12:43,752 - INFO - BoW matrix built successfully
2026-01-10 22:12:43,752 - INFO - Computing TF-IDF matrix...
2026-01-10 22:12:45,911 - INFO - TF-IDF matrix computed successfully
2026-01-10 22:12:45,992 - INFO - Applying Truncated SVD | Components: 100
2026-01-10 22:12:51,712 - INFO - Dimensionality reduction completed
2026-01-10 22:12:51,715 - INFO - Testing model: classifiers\LogisticRegression\model.pkl
2026-01-10 22:12:51,724 - ERROR - Testing failed for classifiers\LogisticRegression\model.pkl: X has 100 features, but LogisticRegression is expecting 5000 features as input.
2026-01-11 08:32:26,234 - INFO - === Starting full pipeline ===
2026-01-11 08:32:26,235 - INFO - Loading Khmer dataset...
2026-01-11 08:32:27,371 - INFO - HTTP Request: HEAD https://huggingface.co/datasets/CADT-IDRI/Khmer_News_classification/resolve/main/README.md "HTTP/1.1 307 Temporary Redirect"
2026-01-11 08:32:27,467 - INFO - HTTP Request: HEAD https://huggingface.co/api/resolve-cache/datasets/CADT-IDRI/Khmer_News_classification/6df39328c394f0a26bc15c8673cb1ba8fee44a7c/README.md "HTTP/1.1 200 OK"
2026-01-11 08:32:27,844 - INFO - HTTP Request: HEAD https://huggingface.co/datasets/CADT-IDRI/Khmer_News_classification/resolve/6df39328c394f0a26bc15c8673cb1ba8fee44a7c/Khmer_News_classification.py "HTTP/1.1 404 Not Found"
2026-01-11 08:32:28,905 - INFO - HTTP Request: HEAD https://s3.amazonaws.com/datasets.huggingface.co/datasets/datasets/CADT-IDRI/Khmer_News_classification/CADT-IDRI/Khmer_News_classification.py "HTTP/1.1 404 Not Found"
2026-01-11 08:32:29,315 - INFO - HTTP Request: GET https://huggingface.co/api/datasets/CADT-IDRI/Khmer_News_classification/revision/6df39328c394f0a26bc15c8673cb1ba8fee44a7c "HTTP/1.1 200 OK"
2026-01-11 08:32:29,720 - INFO - HTTP Request: HEAD https://huggingface.co/datasets/CADT-IDRI/Khmer_News_classification/resolve/6df39328c394f0a26bc15c8673cb1ba8fee44a7c/.huggingface.yaml "HTTP/1.1 404 Not Found"
2026-01-11 08:32:30,543 - INFO - HTTP Request: GET https://datasets-server.huggingface.co/info?dataset=CADT-IDRI/Khmer_News_classification "HTTP/1.1 200 OK"
2026-01-11 08:32:31,155 - INFO - HTTP Request: GET https://huggingface.co/api/datasets/CADT-IDRI/Khmer_News_classification/tree/6df39328c394f0a26bc15c8673cb1ba8fee44a7c/data?recursive=true&expand=false "HTTP/1.1 200 OK"
2026-01-11 08:32:31,563 - INFO - HTTP Request: GET https://huggingface.co/api/datasets/CADT-IDRI/Khmer_News_classification/tree/6df39328c394f0a26bc15c8673cb1ba8fee44a7c?recursive=false&expand=false "HTTP/1.1 200 OK"
2026-01-11 08:32:31,974 - INFO - HTTP Request: HEAD https://huggingface.co/datasets/CADT-IDRI/Khmer_News_classification/resolve/6df39328c394f0a26bc15c8673cb1ba8fee44a7c/dataset_infos.json "HTTP/1.1 404 Not Found"
2026-01-11 08:32:32,442 - INFO - Dataset loaded successfully | Train: 5140, Val: 661, Test: 1543
2026-01-11 08:32:32,453 - INFO - Building vocabulary...
2026-01-11 08:32:32,848 - INFO - Vocabulary built | Size: 39600 | Saved to vocab.json
2026-01-11 08:32:32,849 - INFO - Building BoW matrix...
2026-01-11 08:32:33,935 - INFO - BoW matrix built successfully
2026-01-11 08:32:33,935 - INFO - Building BoW matrix...
2026-01-11 08:32:34,072 - INFO - BoW matrix built successfully
2026-01-11 08:32:34,073 - INFO - Building BoW matrix...
2026-01-11 08:32:34,396 - INFO - BoW matrix built successfully
2026-01-11 08:32:34,396 - INFO - Computing TF-IDF matrix...
2026-01-11 08:32:36,542 - INFO - TF-IDF matrix computed successfully
2026-01-11 08:32:36,630 - INFO - Computing TF-IDF matrix...
2026-01-11 08:32:36,911 - INFO - TF-IDF matrix computed successfully
2026-01-11 08:32:36,922 - INFO - Computing TF-IDF matrix...
2026-01-11 08:32:37,579 - INFO - TF-IDF matrix computed successfully
2026-01-11 08:32:37,605 - INFO - TF-IDF matrices ready
2026-01-11 08:32:37,605 - INFO - === Training models WITHOUT PCA ===
2026-01-11 08:32:37,605 - INFO - Training LogisticRegression | PCA applied: False
2026-01-11 08:32:44,021 - INFO - Model saved successfully | classifiers_without_pca\LogisticRegression\model.pkl
2026-01-11 08:32:44,029 - INFO - LogisticRegression training completed | Metrics saved
2026-01-11 08:32:44,029 - INFO - Training RandomForest | PCA applied: False
2026-01-11 08:34:11,523 - INFO - Model saved successfully | classifiers_without_pca\RandomForest\model.pkl
2026-01-11 08:34:11,530 - INFO - RandomForest training completed | Metrics saved
2026-01-11 08:34:11,547 - INFO - Training SVM | PCA applied: False
2026-01-11 12:25:13,120 - INFO - === Starting full pipeline ===
2026-01-11 12:25:13,121 - INFO - Loading Khmer dataset...
2026-01-11 12:25:14,627 - INFO - HTTP Request: HEAD https://huggingface.co/datasets/CADT-IDRI/Khmer_News_classification/resolve/main/README.md "HTTP/1.1 307 Temporary Redirect"
2026-01-11 12:25:14,730 - INFO - HTTP Request: HEAD https://huggingface.co/api/resolve-cache/datasets/CADT-IDRI/Khmer_News_classification/6df39328c394f0a26bc15c8673cb1ba8fee44a7c/README.md "HTTP/1.1 200 OK"
2026-01-11 12:25:15,139 - INFO - HTTP Request: HEAD https://huggingface.co/datasets/CADT-IDRI/Khmer_News_classification/resolve/6df39328c394f0a26bc15c8673cb1ba8fee44a7c/Khmer_News_classification.py "HTTP/1.1 404 Not Found"
2026-01-11 12:25:16,280 - INFO - HTTP Request: HEAD https://s3.amazonaws.com/datasets.huggingface.co/datasets/datasets/CADT-IDRI/Khmer_News_classification/CADT-IDRI/Khmer_News_classification.py "HTTP/1.1 404 Not Found"
2026-01-11 12:25:16,675 - INFO - HTTP Request: GET https://huggingface.co/api/datasets/CADT-IDRI/Khmer_News_classification/revision/6df39328c394f0a26bc15c8673cb1ba8fee44a7c "HTTP/1.1 200 OK"
2026-01-11 12:25:17,084 - INFO - HTTP Request: HEAD https://huggingface.co/datasets/CADT-IDRI/Khmer_News_classification/resolve/6df39328c394f0a26bc15c8673cb1ba8fee44a7c/.huggingface.yaml "HTTP/1.1 404 Not Found"
2026-01-11 12:25:17,903 - INFO - HTTP Request: GET https://datasets-server.huggingface.co/info?dataset=CADT-IDRI/Khmer_News_classification "HTTP/1.1 200 OK"
2026-01-11 12:25:18,416 - INFO - HTTP Request: GET https://huggingface.co/api/datasets/CADT-IDRI/Khmer_News_classification/tree/6df39328c394f0a26bc15c8673cb1ba8fee44a7c/data?recursive=true&expand=false "HTTP/1.1 200 OK"
2026-01-11 12:25:18,824 - INFO - HTTP Request: GET https://huggingface.co/api/datasets/CADT-IDRI/Khmer_News_classification/tree/6df39328c394f0a26bc15c8673cb1ba8fee44a7c?recursive=false&expand=false "HTTP/1.1 200 OK"
2026-01-11 12:25:19,242 - INFO - HTTP Request: HEAD https://huggingface.co/datasets/CADT-IDRI/Khmer_News_classification/resolve/6df39328c394f0a26bc15c8673cb1ba8fee44a7c/dataset_infos.json "HTTP/1.1 404 Not Found"
2026-01-11 12:25:19,738 - INFO - Dataset loaded successfully | Train: 5140, Val: 661, Test: 1543
2026-01-11 12:25:19,753 - INFO - Building vocabulary...
2026-01-11 12:25:20,167 - INFO - Vocabulary built | Size: 39600 | Saved to vocab.json
2026-01-11 12:25:20,169 - INFO - Building BoW matrix...
2026-01-11 12:25:21,360 - INFO - BoW matrix built successfully
2026-01-11 12:25:21,360 - INFO - Building BoW matrix...
2026-01-11 12:25:21,527 - INFO - BoW matrix built successfully
2026-01-11 12:25:21,527 - INFO - Building BoW matrix...
2026-01-11 12:25:21,866 - INFO - BoW matrix built successfully
2026-01-11 12:25:21,866 - INFO - Computing TF-IDF matrix...
2026-01-11 12:25:24,713 - INFO - TF-IDF matrix computed successfully
2026-01-11 12:25:24,897 - INFO - Computing TF-IDF matrix...
2026-01-11 12:25:25,223 - INFO - TF-IDF matrix computed successfully
2026-01-11 12:25:25,243 - INFO - Computing TF-IDF matrix...
2026-01-11 12:25:26,083 - INFO - TF-IDF matrix computed successfully
2026-01-11 12:25:26,132 - INFO - TF-IDF matrices ready (sparse)
2026-01-11 12:25:26,132 - INFO - === Training models WITHOUT PCA ===
2026-01-11 12:25:26,132 - INFO - Training LogisticRegression without PCA
2026-01-11 12:25:26,132 - INFO - Training LogisticRegression | PCA applied: False
2026-01-11 12:29:33,545 - INFO - Model saved successfully | classifiers_without_pca\LogisticRegression\model.pkl
2026-01-11 12:29:33,584 - INFO - LogisticRegression training completed | Metrics saved
2026-01-11 12:29:33,585 - INFO - Training RandomForest without PCA
2026-01-11 12:29:33,585 - INFO - Training RandomForest | PCA applied: False
2026-01-11 12:30:33,734 - INFO - Model saved successfully | classifiers_without_pca\RandomForest\model.pkl
2026-01-11 12:30:33,764 - INFO - RandomForest training completed | Metrics saved
2026-01-11 12:30:33,813 - INFO - Training SVM without PCA
2026-01-11 12:30:33,814 - INFO - Training SVM | PCA applied: False
2026-01-11 12:30:37,408 - ERROR - Training failed: Target scores need to be probabilities for multiclass roc_auc, i.e. they should sum up to 1.0 over classes
2026-01-11 12:39:54,490 - INFO - === Starting full pipeline ===
2026-01-11 12:39:54,490 - INFO - Loading Khmer dataset...
2026-01-11 12:39:55,683 - INFO - HTTP Request: HEAD https://huggingface.co/datasets/CADT-IDRI/Khmer_News_classification/resolve/main/README.md "HTTP/1.1 307 Temporary Redirect"
2026-01-11 12:39:55,738 - INFO - HTTP Request: HEAD https://huggingface.co/api/resolve-cache/datasets/CADT-IDRI/Khmer_News_classification/6df39328c394f0a26bc15c8673cb1ba8fee44a7c/README.md "HTTP/1.1 200 OK"
2026-01-11 12:39:56,093 - INFO - HTTP Request: HEAD https://huggingface.co/datasets/CADT-IDRI/Khmer_News_classification/resolve/6df39328c394f0a26bc15c8673cb1ba8fee44a7c/Khmer_News_classification.py "HTTP/1.1 404 Not Found"
2026-01-11 12:39:57,117 - INFO - HTTP Request: HEAD https://s3.amazonaws.com/datasets.huggingface.co/datasets/datasets/CADT-IDRI/Khmer_News_classification/CADT-IDRI/Khmer_News_classification.py "HTTP/1.1 404 Not Found"
2026-01-11 12:39:57,528 - INFO - HTTP Request: GET https://huggingface.co/api/datasets/CADT-IDRI/Khmer_News_classification/revision/6df39328c394f0a26bc15c8673cb1ba8fee44a7c "HTTP/1.1 200 OK"
2026-01-11 12:39:57,836 - INFO - HTTP Request: HEAD https://huggingface.co/datasets/CADT-IDRI/Khmer_News_classification/resolve/6df39328c394f0a26bc15c8673cb1ba8fee44a7c/.huggingface.yaml "HTTP/1.1 404 Not Found"
2026-01-11 12:39:58,551 - INFO - HTTP Request: GET https://datasets-server.huggingface.co/info?dataset=CADT-IDRI/Khmer_News_classification "HTTP/1.1 200 OK"
2026-01-11 12:39:58,959 - INFO - HTTP Request: GET https://huggingface.co/api/datasets/CADT-IDRI/Khmer_News_classification/tree/6df39328c394f0a26bc15c8673cb1ba8fee44a7c/data?recursive=true&expand=false "HTTP/1.1 200 OK"
2026-01-11 12:39:59,268 - INFO - HTTP Request: GET https://huggingface.co/api/datasets/CADT-IDRI/Khmer_News_classification/tree/6df39328c394f0a26bc15c8673cb1ba8fee44a7c?recursive=false&expand=false "HTTP/1.1 200 OK"
2026-01-11 12:39:59,636 - INFO - HTTP Request: HEAD https://huggingface.co/datasets/CADT-IDRI/Khmer_News_classification/resolve/6df39328c394f0a26bc15c8673cb1ba8fee44a7c/dataset_infos.json "HTTP/1.1 404 Not Found"
2026-01-11 12:40:00,277 - INFO - Dataset loaded successfully | Train: 5140, Val: 661, Test: 1543
2026-01-11 12:40:00,299 - INFO - Building vocabulary...
2026-01-11 12:40:01,741 - INFO - Vocabulary built | Size: 39600 | Saved to vocab.json
2026-01-11 12:40:01,742 - INFO - Building BoW matrix...
2026-01-11 12:40:05,049 - INFO - BoW matrix built successfully
2026-01-11 12:40:05,050 - INFO - Building BoW matrix...
2026-01-11 12:40:05,481 - INFO - BoW matrix built successfully
2026-01-11 12:40:05,482 - INFO - Building BoW matrix...
2026-01-11 12:40:06,504 - INFO - BoW matrix built successfully
2026-01-11 12:40:06,505 - INFO - Computing TF-IDF matrix...
2026-01-11 12:40:12,936 - INFO - TF-IDF matrix computed successfully
2026-01-11 12:40:13,119 - INFO - Computing TF-IDF matrix...
2026-01-11 12:40:13,928 - INFO - TF-IDF matrix computed successfully
2026-01-11 12:40:13,954 - INFO - Computing TF-IDF matrix...
2026-01-11 12:40:16,036 - INFO - TF-IDF matrix computed successfully
2026-01-11 12:40:16,098 - INFO - TF-IDF matrices ready (sparse)
2026-01-11 12:40:16,098 - INFO - === Training models WITHOUT PCA ===
2026-01-11 12:40:16,098 - INFO - Training LogisticRegression without PCA
2026-01-11 12:40:16,099 - INFO - Training LogisticRegression | PCA applied: False
2026-01-11 12:46:10,951 - INFO - Model saved successfully | classifiers_without_pca\LogisticRegression\model.pkl
2026-01-11 12:46:10,978 - INFO - LogisticRegression training completed | Metrics saved
2026-01-11 12:46:10,979 - INFO - Training RandomForest without PCA
2026-01-11 12:46:10,979 - INFO - Training RandomForest | PCA applied: False
2026-01-11 12:47:10,307 - INFO - Model saved successfully | classifiers_without_pca\RandomForest\model.pkl
2026-01-11 12:47:10,334 - INFO - RandomForest training completed | Metrics saved
2026-01-11 12:47:10,367 - INFO - Training SVM without PCA
2026-01-11 12:47:10,367 - INFO - Training SVM | PCA applied: False
2026-01-11 12:47:13,755 - ERROR - Training failed: Target scores need to be probabilities for multiclass roc_auc, i.e. they should sum up to 1.0 over classes
2026-01-11 13:11:45,171 - INFO - === Starting full pipeline ===
2026-01-11 13:11:45,171 - INFO - Loading Khmer dataset...
2026-01-11 13:11:46,282 - INFO - HTTP Request: HEAD https://huggingface.co/datasets/CADT-IDRI/Khmer_News_classification/resolve/main/README.md "HTTP/1.1 307 Temporary Redirect"
2026-01-11 13:11:46,384 - INFO - HTTP Request: HEAD https://huggingface.co/api/resolve-cache/datasets/CADT-IDRI/Khmer_News_classification/6df39328c394f0a26bc15c8673cb1ba8fee44a7c/README.md "HTTP/1.1 200 OK"
2026-01-11 13:11:46,792 - INFO - HTTP Request: HEAD https://huggingface.co/datasets/CADT-IDRI/Khmer_News_classification/resolve/6df39328c394f0a26bc15c8673cb1ba8fee44a7c/Khmer_News_classification.py "HTTP/1.1 404 Not Found"
2026-01-11 13:11:47,920 - INFO - HTTP Request: HEAD https://s3.amazonaws.com/datasets.huggingface.co/datasets/datasets/CADT-IDRI/Khmer_News_classification/CADT-IDRI/Khmer_News_classification.py "HTTP/1.1 404 Not Found"
2026-01-11 13:11:48,432 - INFO - HTTP Request: GET https://huggingface.co/api/datasets/CADT-IDRI/Khmer_News_classification/revision/6df39328c394f0a26bc15c8673cb1ba8fee44a7c "HTTP/1.1 200 OK"
2026-01-11 13:11:48,739 - INFO - HTTP Request: HEAD https://huggingface.co/datasets/CADT-IDRI/Khmer_News_classification/resolve/6df39328c394f0a26bc15c8673cb1ba8fee44a7c/.huggingface.yaml "HTTP/1.1 404 Not Found"
2026-01-11 13:11:49,456 - INFO - HTTP Request: GET https://datasets-server.huggingface.co/info?dataset=CADT-IDRI/Khmer_News_classification "HTTP/1.1 200 OK"
2026-01-11 13:11:49,818 - INFO - HTTP Request: GET https://huggingface.co/api/datasets/CADT-IDRI/Khmer_News_classification/tree/6df39328c394f0a26bc15c8673cb1ba8fee44a7c/data?recursive=true&expand=false "HTTP/1.1 200 OK"
2026-01-11 13:11:50,172 - INFO - HTTP Request: GET https://huggingface.co/api/datasets/CADT-IDRI/Khmer_News_classification/tree/6df39328c394f0a26bc15c8673cb1ba8fee44a7c?recursive=false&expand=false "HTTP/1.1 200 OK"
2026-01-11 13:11:50,583 - INFO - HTTP Request: HEAD https://huggingface.co/datasets/CADT-IDRI/Khmer_News_classification/resolve/6df39328c394f0a26bc15c8673cb1ba8fee44a7c/dataset_infos.json "HTTP/1.1 404 Not Found"
2026-01-11 13:11:50,810 - INFO - Dataset loaded successfully | Train: 5140, Val: 661, Test: 1543
2026-01-11 13:11:50,818 - INFO - Building vocabulary...
2026-01-11 13:11:51,234 - INFO - Vocabulary built | Size: 39600 | Saved to vocab.json
2026-01-11 13:11:51,235 - INFO - Building BoW matrix...
2026-01-11 13:11:52,377 - INFO - BoW matrix built successfully
2026-01-11 13:11:52,377 - INFO - Building BoW matrix...
2026-01-11 13:11:52,512 - INFO - BoW matrix built successfully
2026-01-11 13:11:52,512 - INFO - Building BoW matrix...
2026-01-11 13:11:52,833 - INFO - BoW matrix built successfully
2026-01-11 13:11:52,833 - INFO - Computing TF-IDF matrix...
2026-01-11 13:11:55,265 - INFO - TF-IDF matrix computed successfully
2026-01-11 13:11:55,373 - INFO - Computing TF-IDF matrix...
2026-01-11 13:11:55,657 - INFO - TF-IDF matrix computed successfully
2026-01-11 13:11:55,669 - INFO - Computing TF-IDF matrix...
2026-01-11 13:11:56,414 - INFO - TF-IDF matrix computed successfully
2026-01-11 13:11:56,438 - INFO - TF-IDF matrices ready (sparse)
2026-01-11 13:11:56,438 - INFO - === Training models WITHOUT PCA ===
2026-01-11 13:11:56,438 - INFO - Training LogisticRegression without PCA
2026-01-11 13:11:56,438 - INFO - Training LogisticRegression | PCA applied: False
2026-01-11 13:17:36,232 - ERROR - Failed to save model: expected str, bytes or os.PathLike object, not bool
2026-01-11 13:17:36,232 - ERROR - Training failed: expected str, bytes or os.PathLike object, not bool
2026-01-11 13:23:40,300 - INFO - === Starting full pipeline ===
2026-01-11 13:23:40,300 - INFO - Loading Khmer dataset...
2026-01-11 13:23:41,460 - INFO - HTTP Request: HEAD https://huggingface.co/datasets/CADT-IDRI/Khmer_News_classification/resolve/main/README.md "HTTP/1.1 307 Temporary Redirect"
2026-01-11 13:23:41,668 - INFO - HTTP Request: HEAD https://huggingface.co/api/resolve-cache/datasets/CADT-IDRI/Khmer_News_classification/6df39328c394f0a26bc15c8673cb1ba8fee44a7c/README.md "HTTP/1.1 200 OK"
2026-01-11 13:23:41,980 - INFO - HTTP Request: HEAD https://huggingface.co/datasets/CADT-IDRI/Khmer_News_classification/resolve/6df39328c394f0a26bc15c8673cb1ba8fee44a7c/Khmer_News_classification.py "HTTP/1.1 404 Not Found"
2026-01-11 13:23:42,995 - INFO - HTTP Request: HEAD https://s3.amazonaws.com/datasets.huggingface.co/datasets/datasets/CADT-IDRI/Khmer_News_classification/CADT-IDRI/Khmer_News_classification.py "HTTP/1.1 404 Not Found"
2026-01-11 13:23:43,303 - INFO - HTTP Request: GET https://huggingface.co/api/datasets/CADT-IDRI/Khmer_News_classification/revision/6df39328c394f0a26bc15c8673cb1ba8fee44a7c "HTTP/1.1 200 OK"
2026-01-11 13:23:43,713 - INFO - HTTP Request: HEAD https://huggingface.co/datasets/CADT-IDRI/Khmer_News_classification/resolve/6df39328c394f0a26bc15c8673cb1ba8fee44a7c/.huggingface.yaml "HTTP/1.1 404 Not Found"
2026-01-11 13:23:44,838 - INFO - HTTP Request: GET https://datasets-server.huggingface.co/info?dataset=CADT-IDRI/Khmer_News_classification "HTTP/1.1 200 OK"
2026-01-11 13:23:45,247 - INFO - HTTP Request: GET https://huggingface.co/api/datasets/CADT-IDRI/Khmer_News_classification/tree/6df39328c394f0a26bc15c8673cb1ba8fee44a7c/data?recursive=true&expand=false "HTTP/1.1 200 OK"
2026-01-11 13:23:45,555 - INFO - HTTP Request: GET https://huggingface.co/api/datasets/CADT-IDRI/Khmer_News_classification/tree/6df39328c394f0a26bc15c8673cb1ba8fee44a7c?recursive=false&expand=false "HTTP/1.1 200 OK"
2026-01-11 13:23:45,965 - INFO - HTTP Request: HEAD https://huggingface.co/datasets/CADT-IDRI/Khmer_News_classification/resolve/6df39328c394f0a26bc15c8673cb1ba8fee44a7c/dataset_infos.json "HTTP/1.1 404 Not Found"
2026-01-11 13:23:46,170 - INFO - Dataset loaded successfully | Train: 5140, Val: 661, Test: 1543
2026-01-11 13:23:46,178 - INFO - Building vocabulary...
2026-01-11 13:23:46,568 - INFO - Vocabulary built | Size: 39600 | Saved to vocab.json
2026-01-11 13:23:46,569 - INFO - Building BoW matrix...
2026-01-11 13:23:47,680 - INFO - BoW matrix built successfully
2026-01-11 13:23:47,680 - INFO - Building BoW matrix...
2026-01-11 13:23:47,817 - INFO - BoW matrix built successfully
2026-01-11 13:23:47,817 - INFO - Building BoW matrix...
2026-01-11 13:23:48,150 - INFO - BoW matrix built successfully
2026-01-11 13:23:48,151 - INFO - Computing TF-IDF matrix...
2026-01-11 13:23:50,492 - INFO - TF-IDF matrix computed successfully
2026-01-11 13:23:50,586 - INFO - Computing TF-IDF matrix...
2026-01-11 13:23:50,858 - INFO - TF-IDF matrix computed successfully
2026-01-11 13:23:50,868 - INFO - Computing TF-IDF matrix...
2026-01-11 13:23:51,623 - INFO - TF-IDF matrix computed successfully
2026-01-11 13:23:51,646 - INFO - TF-IDF matrices ready (sparse)
2026-01-11 13:23:51,646 - INFO - === Training models WITHOUT PCA ===
2026-01-11 13:23:51,646 - INFO - Training LogisticRegression without PCA
2026-01-11 13:23:51,646 - INFO - Training LogisticRegression | PCA applied: False
2026-01-11 13:29:19,042 - INFO - Model saved successfully | classifiers_without_pca\without_pca\LogisticRegression\model.pkl
2026-01-11 13:29:19,049 - INFO - LogisticRegression training completed | Metrics saved
2026-01-11 13:29:19,050 - INFO - Training RandomForest without PCA
2026-01-11 13:29:19,050 - INFO - Training RandomForest | PCA applied: False
2026-01-11 13:29:32,603 - INFO - Model saved successfully | classifiers_without_pca\without_pca\RandomForest\model.pkl
2026-01-11 13:29:32,610 - INFO - RandomForest training completed | Metrics saved
2026-01-11 13:29:32,628 - INFO - Training SVM without PCA
2026-01-11 13:29:32,628 - INFO - Training SVM | PCA applied: False
2026-01-11 13:29:33,739 - ERROR - Training failed: Target scores need to be probabilities for multiclass roc_auc, i.e. they should sum up to 1.0 over classes
2026-01-11 13:33:57,614 - INFO - === Starting full pipeline ===
2026-01-11 13:33:57,614 - INFO - Loading Khmer dataset...
2026-01-11 13:33:58,952 - INFO - HTTP Request: HEAD https://huggingface.co/datasets/CADT-IDRI/Khmer_News_classification/resolve/main/README.md "HTTP/1.1 307 Temporary Redirect"
2026-01-11 13:33:59,052 - INFO - HTTP Request: HEAD https://huggingface.co/api/resolve-cache/datasets/CADT-IDRI/Khmer_News_classification/6df39328c394f0a26bc15c8673cb1ba8fee44a7c/README.md "HTTP/1.1 200 OK"
2026-01-11 13:33:59,479 - INFO - HTTP Request: HEAD https://huggingface.co/datasets/CADT-IDRI/Khmer_News_classification/resolve/6df39328c394f0a26bc15c8673cb1ba8fee44a7c/Khmer_News_classification.py "HTTP/1.1 404 Not Found"
2026-01-11 13:34:00,486 - INFO - HTTP Request: HEAD https://s3.amazonaws.com/datasets.huggingface.co/datasets/datasets/CADT-IDRI/Khmer_News_classification/CADT-IDRI/Khmer_News_classification.py "HTTP/1.1 404 Not Found"
2026-01-11 13:34:00,894 - INFO - HTTP Request: GET https://huggingface.co/api/datasets/CADT-IDRI/Khmer_News_classification/revision/6df39328c394f0a26bc15c8673cb1ba8fee44a7c "HTTP/1.1 200 OK"
2026-01-11 13:34:01,312 - INFO - HTTP Request: HEAD https://huggingface.co/datasets/CADT-IDRI/Khmer_News_classification/resolve/6df39328c394f0a26bc15c8673cb1ba8fee44a7c/.huggingface.yaml "HTTP/1.1 404 Not Found"
2026-01-11 13:34:02,123 - INFO - HTTP Request: GET https://datasets-server.huggingface.co/info?dataset=CADT-IDRI/Khmer_News_classification "HTTP/1.1 200 OK"
2026-01-11 13:34:02,917 - INFO - HTTP Request: GET https://huggingface.co/api/datasets/CADT-IDRI/Khmer_News_classification/tree/6df39328c394f0a26bc15c8673cb1ba8fee44a7c/data?recursive=true&expand=false "HTTP/1.1 200 OK"
2026-01-11 13:34:03,631 - INFO - HTTP Request: GET https://huggingface.co/api/datasets/CADT-IDRI/Khmer_News_classification/tree/6df39328c394f0a26bc15c8673cb1ba8fee44a7c?recursive=false&expand=false "HTTP/1.1 200 OK"
2026-01-11 13:34:03,967 - INFO - HTTP Request: HEAD https://huggingface.co/datasets/CADT-IDRI/Khmer_News_classification/resolve/6df39328c394f0a26bc15c8673cb1ba8fee44a7c/dataset_infos.json "HTTP/1.1 404 Not Found"
2026-01-11 13:34:03,968 - WARNING - Warning: You are sending unauthenticated requests to the HF Hub. Please set a HF_TOKEN to enable higher rate limits and faster downloads.
2026-01-11 13:34:04,458 - INFO - Dataset loaded successfully | Train: 5140, Val: 661, Test: 1543
2026-01-11 13:34:04,482 - INFO - Building vocabulary...
2026-01-11 13:34:05,865 - INFO - Vocabulary built | Size: 39600 | Saved to vocab.json
2026-01-11 13:34:05,866 - INFO - Building BoW matrix...
2026-01-11 13:34:09,068 - INFO - BoW matrix built successfully
2026-01-11 13:34:09,069 - INFO - Building BoW matrix...
2026-01-11 13:34:09,502 - INFO - BoW matrix built successfully
2026-01-11 13:34:09,503 - INFO - Building BoW matrix...
2026-01-11 13:34:10,555 - INFO - BoW matrix built successfully
2026-01-11 13:34:10,556 - INFO - Computing TF-IDF matrix...
2026-01-11 13:34:16,944 - INFO - TF-IDF matrix computed successfully
2026-01-11 13:34:17,244 - INFO - Computing TF-IDF matrix...
2026-01-11 13:34:18,135 - INFO - TF-IDF matrix computed successfully
2026-01-11 13:34:18,162 - INFO - Computing TF-IDF matrix...
2026-01-11 13:34:20,118 - INFO - TF-IDF matrix computed successfully
2026-01-11 13:34:20,180 - INFO - TF-IDF matrices ready (sparse)
2026-01-11 13:34:20,181 - INFO - === Training models WITHOUT PCA ===
2026-01-11 13:34:20,181 - INFO - Training LogisticRegression without PCA
2026-01-11 13:34:20,181 - INFO - Training LogisticRegression | PCA applied: False
2026-01-11 13:41:26,030 - INFO - Model saved successfully | classifiers_without_pca\without_pca\LogisticRegression\model.pkl
2026-01-11 13:41:26,059 - INFO - LogisticRegression training completed | Metrics saved
2026-01-11 13:41:26,060 - INFO - Training RandomForest without PCA
2026-01-11 13:41:26,060 - INFO - Training RandomForest | PCA applied: False
2026-01-11 13:42:14,276 - INFO - Model saved successfully | classifiers_without_pca\without_pca\RandomForest\model.pkl
2026-01-11 13:42:14,307 - INFO - RandomForest training completed | Metrics saved
2026-01-11 13:42:14,356 - INFO - Training SVM without PCA
2026-01-11 13:42:14,357 - INFO - Training SVM | PCA applied: False
2026-01-11 13:42:18,028 - ERROR - Training failed: Target scores need to be probabilities for multiclass roc_auc, i.e. they should sum up to 1.0 over classes
2026-01-11 13:53:40,743 - INFO - === Starting full pipeline ===
2026-01-11 13:53:40,743 - INFO - Loading Khmer dataset...
2026-01-11 13:53:41,706 - INFO - HTTP Request: HEAD https://huggingface.co/datasets/CADT-IDRI/Khmer_News_classification/resolve/main/README.md "HTTP/1.1 307 Temporary Redirect"
2026-01-11 13:53:41,805 - INFO - HTTP Request: HEAD https://huggingface.co/api/resolve-cache/datasets/CADT-IDRI/Khmer_News_classification/6df39328c394f0a26bc15c8673cb1ba8fee44a7c/README.md "HTTP/1.1 200 OK"
2026-01-11 13:53:42,116 - INFO - HTTP Request: HEAD https://huggingface.co/datasets/CADT-IDRI/Khmer_News_classification/resolve/6df39328c394f0a26bc15c8673cb1ba8fee44a7c/Khmer_News_classification.py "HTTP/1.1 404 Not Found"
2026-01-11 13:53:43,146 - INFO - HTTP Request: HEAD https://s3.amazonaws.com/datasets.huggingface.co/datasets/datasets/CADT-IDRI/Khmer_News_classification/CADT-IDRI/Khmer_News_classification.py "HTTP/1.1 404 Not Found"
2026-01-11 13:53:43,448 - INFO - HTTP Request: GET https://huggingface.co/api/datasets/CADT-IDRI/Khmer_News_classification/revision/6df39328c394f0a26bc15c8673cb1ba8fee44a7c "HTTP/1.1 200 OK"
2026-01-11 13:53:43,760 - INFO - HTTP Request: HEAD https://huggingface.co/datasets/CADT-IDRI/Khmer_News_classification/resolve/6df39328c394f0a26bc15c8673cb1ba8fee44a7c/.huggingface.yaml "HTTP/1.1 404 Not Found"
2026-01-11 13:53:44,470 - INFO - HTTP Request: GET https://datasets-server.huggingface.co/info?dataset=CADT-IDRI/Khmer_News_classification "HTTP/1.1 200 OK"
2026-01-11 13:53:44,982 - INFO - HTTP Request: GET https://huggingface.co/api/datasets/CADT-IDRI/Khmer_News_classification/tree/6df39328c394f0a26bc15c8673cb1ba8fee44a7c/data?recursive=true&expand=false "HTTP/1.1 200 OK"
2026-01-11 13:53:45,395 - INFO - HTTP Request: GET https://huggingface.co/api/datasets/CADT-IDRI/Khmer_News_classification/tree/6df39328c394f0a26bc15c8673cb1ba8fee44a7c?recursive=false&expand=false "HTTP/1.1 200 OK"
2026-01-11 13:53:45,802 - INFO - HTTP Request: HEAD https://huggingface.co/datasets/CADT-IDRI/Khmer_News_classification/resolve/6df39328c394f0a26bc15c8673cb1ba8fee44a7c/dataset_infos.json "HTTP/1.1 404 Not Found"
2026-01-11 13:53:46,079 - INFO - Dataset loaded successfully | Train: 5140, Val: 661, Test: 1543
2026-01-11 13:53:46,091 - INFO - Building vocabulary...
2026-01-11 13:53:46,774 - INFO - Vocabulary built | Size: 39600 | Saved to vocab.json
2026-01-11 13:53:46,775 - INFO - Building BoW matrix...
2026-01-11 13:53:48,689 - INFO - BoW matrix built successfully
2026-01-11 13:53:48,689 - INFO - Building BoW matrix...
2026-01-11 13:53:48,931 - INFO - BoW matrix built successfully
2026-01-11 13:53:48,931 - INFO - Building BoW matrix...
2026-01-11 13:53:49,492 - INFO - BoW matrix built successfully
2026-01-11 13:53:49,492 - INFO - Computing TF-IDF matrix...
2026-01-11 13:53:53,366 - INFO - TF-IDF matrix computed successfully
2026-01-11 13:53:53,484 - INFO - Computing TF-IDF matrix...
2026-01-11 13:53:53,994 - INFO - TF-IDF matrix computed successfully
2026-01-11 13:53:54,006 - INFO - Computing TF-IDF matrix...
2026-01-11 13:53:55,147 - INFO - TF-IDF matrix computed successfully
2026-01-11 13:53:55,181 - INFO - TF-IDF matrices ready (sparse)
2026-01-11 13:53:55,181 - INFO - === Training models WITHOUT PCA ===
2026-01-11 13:53:55,181 - INFO - Training LogisticRegression without PCA
2026-01-11 13:53:55,181 - INFO - Training LogisticRegression | PCA applied: False
2026-01-11 13:57:07,766 - INFO - Model saved successfully | classifiers_without_pca\without_pca\LogisticRegression\model.pkl
2026-01-11 13:57:07,785 - INFO - LogisticRegression training completed | Metrics saved
2026-01-11 13:57:07,785 - INFO - Training RandomForest without PCA
2026-01-11 13:57:07,785 - INFO - Training RandomForest | PCA applied: False
2026-01-11 13:57:45,249 - INFO - Model saved successfully | classifiers_without_pca\without_pca\RandomForest\model.pkl
2026-01-11 13:57:45,269 - INFO - RandomForest training completed | Metrics saved
2026-01-11 13:57:45,294 - INFO - Training SVM without PCA
2026-01-11 13:57:45,295 - INFO - Training SVM | PCA applied: False
2026-01-11 13:57:47,506 - INFO - Model saved successfully | classifiers_without_pca\without_pca\SVM\model.pkl
2026-01-11 13:57:47,526 - INFO - SVM training completed | Metrics saved
2026-01-11 13:57:47,526 - INFO - === Pipeline completed successfully ===
